{"/Users/tomipoch/Documents/Nueva carpeta con elementos/Ultimo Semestre/Tesis/Proyecto/App/src/components/ui/Button.tsx": {"path":"/Users/tomipoch/Documents/Nueva carpeta con elementos/Ultimo Semestre/Tesis/Proyecto/App/src/components/ui/Button.tsx","statementMap":{"0":{"start":{"line":31,"column":4},"end":{"line":31,"column":null}},"1":{"start":{"line":33,"column":25},"end":{"line":50,"column":null}},"2":{"start":{"line":52,"column":22},"end":{"line":56,"column":null}},"3":{"start":{"line":59,"column":4},"end":{"line":59,"column":null}},"4":{"start":{"line":61,"column":8},"end":{"line":66,"column":null}},"5":{"start":{"line":69,"column":2},"end":{"line":79,"column":null}}},"fnMap":{},"branchMap":{"0":{"loc":{"start":{"line":23,"column":2},"end":{"line":23,"column":null}},"type":"default-arg","locations":[{"start":{"line":23,"column":14},"end":{"line":23,"column":null}}],"line":23},"1":{"loc":{"start":{"line":24,"column":2},"end":{"line":24,"column":null}},"type":"default-arg","locations":[{"start":{"line":24,"column":12},"end":{"line":24,"column":null}}],"line":24},"2":{"loc":{"start":{"line":25,"column":2},"end":{"line":25,"column":null}},"type":"default-arg","locations":[{"start":{"line":25,"column":9},"end":{"line":25,"column":null}}],"line":25},"3":{"loc":{"start":{"line":26,"column":2},"end":{"line":26,"column":null}},"type":"default-arg","locations":[{"start":{"line":26,"column":13},"end":{"line":26,"column":null}}],"line":26},"4":{"loc":{"start":{"line":27,"column":2},"end":{"line":27,"column":null}},"type":"default-arg","locations":[{"start":{"line":27,"column":12},"end":{"line":27,"column":null}}],"line":27},"5":{"loc":{"start":{"line":59,"column":4},"end":{"line":59,"column":null}},"type":"cond-expr","locations":[{"start":{"line":59,"column":26},"end":{"line":59,"column":91}},{"start":{"line":59,"column":91},"end":{"line":59,"column":null}}],"line":59},"6":{"loc":{"start":{"line":59,"column":4},"end":{"line":59,"column":26}},"type":"binary-expr","locations":[{"start":{"line":59,"column":4},"end":{"line":59,"column":16}},{"start":{"line":59,"column":16},"end":{"line":59,"column":26}}],"line":59},"7":{"loc":{"start":{"line":70,"column":42},"end":{"line":70,"column":63}},"type":"binary-expr","locations":[{"start":{"line":70,"column":42},"end":{"line":70,"column":54}},{"start":{"line":70,"column":54},"end":{"line":70,"column":63}}],"line":70},"8":{"loc":{"start":{"line":71,"column":7},"end":{"line":77,"column":null}},"type":"cond-expr","locations":[{"start":{"line":72,"column":8},"end":{"line":75,"column":null}},{"start":{"line":77,"column":8},"end":{"line":77,"column":null}}],"line":71}},"s":{"0":510,"1":510,"2":510,"3":510,"4":510,"5":510},"f":{},"b":{"0":[510],"1":[510],"2":[510],"3":[510],"4":[510],"5":[6,504],"6":[510,505],"7":[510,505],"8":[1,509]},"meta":{"lastBranch":9,"lastFunction":0,"lastStatement":6,"seen":{"b:23:14:23:Infinity":0,"b:24:12:24:Infinity":1,"b:25:9:25:Infinity":2,"b:26:13:26:Infinity":3,"b:27:12:27:Infinity":4,"s:31:4:31:Infinity":0,"s:33:25:50:Infinity":1,"s:52:22:56:Infinity":2,"s:59:4:59:Infinity":3,"b:59:26:59:91:59:91:59:Infinity":5,"b:59:4:59:16:59:16:59:26":6,"s:61:8:66:Infinity":4,"s:69:2:79:Infinity":5,"b:70:42:70:54:70:54:70:63":7,"b:72:8:75:Infinity:77:8:77:Infinity":8}}}
,"/Users/tomipoch/Documents/Nueva carpeta con elementos/Ultimo Semestre/Tesis/Proyecto/App/src/components/ui/Card.tsx": {"path":"/Users/tomipoch/Documents/Nueva carpeta con elementos/Ultimo Semestre/Tesis/Proyecto/App/src/components/ui/Card.tsx","statementMap":{"0":{"start":{"line":17,"column":4},"end":{"line":17,"column":null}},"1":{"start":{"line":19,"column":25},"end":{"line":26,"column":null}},"2":{"start":{"line":28,"column":8},"end":{"line":28,"column":71}},"3":{"start":{"line":30,"column":2},"end":{"line":33,"column":null}},"4":{"start":{"line":38,"column":8},"end":{"line":38,"column":41}},"5":{"start":{"line":40,"column":2},"end":{"line":43,"column":null}},"6":{"start":{"line":48,"column":8},"end":{"line":50,"column":null}},"7":{"start":{"line":53,"column":2},"end":{"line":56,"column":null}},"8":{"start":{"line":61,"column":2},"end":{"line":64,"column":null}},"9":{"start":{"line":68,"column":0},"end":{"line":68,"column":null}},"10":{"start":{"line":69,"column":0},"end":{"line":69,"column":null}},"11":{"start":{"line":70,"column":0},"end":{"line":70,"column":null}}},"fnMap":{},"branchMap":{"0":{"loc":{"start":{"line":15,"column":26},"end":{"line":15,"column":42}},"type":"default-arg","locations":[{"start":{"line":15,"column":38},"end":{"line":15,"column":42}}],"line":15},"1":{"loc":{"start":{"line":15,"column":42},"end":{"line":15,"column":63}},"type":"default-arg","locations":[{"start":{"line":15,"column":52},"end":{"line":15,"column":63}}],"line":15},"2":{"loc":{"start":{"line":37,"column":32},"end":{"line":37,"column":48}},"type":"default-arg","locations":[{"start":{"line":37,"column":44},"end":{"line":37,"column":48}}],"line":37},"3":{"loc":{"start":{"line":47,"column":31},"end":{"line":47,"column":47}},"type":"default-arg","locations":[{"start":{"line":47,"column":43},"end":{"line":47,"column":47}}],"line":47},"4":{"loc":{"start":{"line":60,"column":33},"end":{"line":60,"column":49}},"type":"default-arg","locations":[{"start":{"line":60,"column":45},"end":{"line":60,"column":49}}],"line":60}},"s":{"0":715,"1":715,"2":715,"3":715,"4":0,"5":0,"6":0,"7":0,"8":0,"9":3,"10":3,"11":3},"f":{},"b":{"0":[715],"1":[715],"2":[0],"3":[0],"4":[0]},"meta":{"lastBranch":5,"lastFunction":0,"lastStatement":12,"seen":{"b:15:38:15:42":0,"b:15:52:15:63":1,"s:17:4:17:Infinity":0,"s:19:25:26:Infinity":1,"s:28:8:28:71":2,"s:30:2:33:Infinity":3,"b:37:44:37:48":2,"s:38:8:38:41":4,"s:40:2:43:Infinity":5,"b:47:43:47:47":3,"s:48:8:50:Infinity":6,"s:53:2:56:Infinity":7,"b:60:45:60:49":4,"s:61:2:64:Infinity":8,"s:68:0:68:Infinity":9,"s:69:0:69:Infinity":10,"s:70:0:70:Infinity":11}}}
,"/Users/tomipoch/Documents/Nueva carpeta con elementos/Ultimo Semestre/Tesis/Proyecto/App/src/components/ui/ErrorBoundary.tsx": {"path":"/Users/tomipoch/Documents/Nueva carpeta con elementos/Ultimo Semestre/Tesis/Proyecto/App/src/components/ui/ErrorBoundary.tsx","statementMap":{"0":{"start":{"line":17,"column":24},"end":{"line":19,"column":null}},"1":{"start":{"line":49,"column":4},"end":{"line":49,"column":null}},"2":{"start":{"line":22,"column":4},"end":{"line":22,"column":null}},"3":{"start":{"line":26,"column":4},"end":{"line":26,"column":null}},"4":{"start":{"line":29,"column":4},"end":{"line":30,"column":null}},"5":{"start":{"line":30,"column":6},"end":{"line":30,"column":null}},"6":{"start":{"line":34,"column":4},"end":{"line":34,"column":null}},"7":{"start":{"line":40,"column":4},"end":{"line":45,"column":null}},"8":{"start":{"line":54,"column":6},"end":{"line":55,"column":null}},"9":{"start":{"line":55,"column":8},"end":{"line":55,"column":null}},"10":{"start":{"line":58,"column":6},"end":{"line":103,"column":null}},"11":{"start":{"line":94,"column":36},"end":{"line":94,"column":null}},"12":{"start":{"line":107,"column":4},"end":{"line":107,"column":null}}},"fnMap":{"0":{"name":"(anonymous_0)","decl":{"start":{"line":94,"column":20},"end":{"line":94,"column":36}},"loc":{"start":{"line":94,"column":36},"end":{"line":94,"column":null}},"line":94}},"branchMap":{"0":{"loc":{"start":{"line":29,"column":4},"end":{"line":30,"column":null}},"type":"if","locations":[{"start":{"line":29,"column":4},"end":{"line":30,"column":null}},{"start":{},"end":{}}],"line":29},"1":{"loc":{"start":{"line":54,"column":6},"end":{"line":55,"column":null}},"type":"if","locations":[{"start":{"line":54,"column":6},"end":{"line":55,"column":null}},{"start":{},"end":{}}],"line":54},"2":{"loc":{"start":{"line":72,"column":19},"end":{"line":72,"column":null}},"type":"binary-expr","locations":[{"start":{"line":72,"column":19},"end":{"line":72,"column":48}},{"start":{"line":72,"column":48},"end":{"line":72,"column":null}}],"line":72},"3":{"loc":{"start":{"line":75,"column":42},"end":{"line":83,"column":null}},"type":"binary-expr","locations":[{"start":{"line":75,"column":42},"end":{"line":75,"column":59}},{"start":{"line":75,"column":59},"end":{"line":75,"column":null}},{"start":{"line":76,"column":18},"end":{"line":83,"column":null}}],"line":75}},"s":{"0":10,"1":1,"2":8,"3":4,"4":4,"5":0,"6":4,"7":4,"8":8,"9":0,"10":8,"11":0,"12":10},"f":{"0":0},"b":{"0":[0,4],"1":[0,8],"2":[8,0],"3":[8,0,0]},"meta":{"lastBranch":4,"lastFunction":1,"lastStatement":13,"seen":{"s:17:24:19:Infinity":0,"s:49:4:49:Infinity":1,"s:22:4:22:Infinity":2,"s:26:4:26:Infinity":3,"b:29:4:30:Infinity:undefined:undefined:undefined:undefined":0,"s:29:4:30:Infinity":4,"s:30:6:30:Infinity":5,"s:34:4:34:Infinity":6,"s:40:4:45:Infinity":7,"b:54:6:55:Infinity:undefined:undefined:undefined:undefined":1,"s:54:6:55:Infinity":8,"s:55:8:55:Infinity":9,"s:58:6:103:Infinity":10,"b:72:19:72:48:72:48:72:Infinity":2,"b:75:42:75:59:75:59:75:Infinity:76:18:83:Infinity":3,"f:94:20:94:36":0,"s:94:36:94:Infinity":11,"s:107:4:107:Infinity":12}}}
,"/Users/tomipoch/Documents/Nueva carpeta con elementos/Ultimo Semestre/Tesis/Proyecto/App/src/components/ui/Input.tsx": {"path":"/Users/tomipoch/Documents/Nueva carpeta con elementos/Ultimo Semestre/Tesis/Proyecto/App/src/components/ui/Input.tsx","statementMap":{"0":{"start":{"line":13,"column":8},"end":{"line":18,"column":null}},"1":{"start":{"line":21,"column":23},"end":{"line":21,"column":null}},"2":{"start":{"line":22,"column":23},"end":{"line":22,"column":null}},"3":{"start":{"line":24,"column":2},"end":{"line":33,"column":null}}},"fnMap":{},"branchMap":{"0":{"loc":{"start":{"line":12,"column":31},"end":{"line":12,"column":47}},"type":"default-arg","locations":[{"start":{"line":12,"column":43},"end":{"line":12,"column":47}}],"line":12},"1":{"loc":{"start":{"line":12,"column":51},"end":{"line":12,"column":66}},"type":"default-arg","locations":[{"start":{"line":12,"column":58},"end":{"line":12,"column":66}}],"line":12},"2":{"loc":{"start":{"line":15,"column":4},"end":{"line":17,"column":null}},"type":"cond-expr","locations":[{"start":{"line":16,"column":8},"end":{"line":16,"column":null}},{"start":{"line":17,"column":8},"end":{"line":17,"column":null}}],"line":15},"3":{"loc":{"start":{"line":26,"column":7},"end":{"line":29,"column":null}},"type":"binary-expr","locations":[{"start":{"line":26,"column":7},"end":{"line":26,"column":null}},{"start":{"line":27,"column":8},"end":{"line":29,"column":null}}],"line":26}},"s":{"0":11,"1":11,"2":11,"3":11},"f":{},"b":{"0":[11],"1":[11],"2":[1,10],"3":[11,2]},"meta":{"lastBranch":4,"lastFunction":0,"lastStatement":4,"seen":{"b:12:43:12:47":0,"b:12:58:12:66":1,"s:13:8:18:Infinity":0,"b:16:8:16:Infinity:17:8:17:Infinity":2,"s:21:23:21:Infinity":1,"s:22:23:22:Infinity":2,"s:24:2:33:Infinity":3,"b:26:7:26:Infinity:27:8:29:Infinity":3}}}
,"/Users/tomipoch/Documents/Nueva carpeta con elementos/Ultimo Semestre/Tesis/Proyecto/App/src/components/ui/MainLayout.tsx": {"path":"/Users/tomipoch/Documents/Nueva carpeta con elementos/Ultimo Semestre/Tesis/Proyecto/App/src/components/ui/MainLayout.tsx","statementMap":{"0":{"start":{"line":11,"column":2},"end":{"line":11,"column":null}},"1":{"start":{"line":13,"column":2},"end":{"line":29,"column":null}}},"fnMap":{},"branchMap":{},"s":{"0":196,"1":196},"f":{},"b":{},"meta":{"lastBranch":0,"lastFunction":0,"lastStatement":2,"seen":{"s:11:2:11:Infinity":0,"s:13:2:29:Infinity":1}}}
,"/Users/tomipoch/Documents/Nueva carpeta con elementos/Ultimo Semestre/Tesis/Proyecto/App/src/components/ui/Modal.tsx": {"path":"/Users/tomipoch/Documents/Nueva carpeta con elementos/Ultimo Semestre/Tesis/Proyecto/App/src/components/ui/Modal.tsx","statementMap":{"0":{"start":{"line":22,"column":2},"end":{"line":38,"column":null}},"1":{"start":{"line":25,"column":8},"end":{"line":25,"column":null}},"2":{"start":{"line":30,"column":6},"end":{"line":30,"column":null}},"3":{"start":{"line":31,"column":6},"end":{"line":31,"column":null}},"4":{"start":{"line":35,"column":6},"end":{"line":35,"column":null}},"5":{"start":{"line":36,"column":6},"end":{"line":36,"column":null}},"6":{"start":{"line":40,"column":2},"end":{"line":40,"column":null}},"7":{"start":{"line":40,"column":15},"end":{"line":40,"column":null}},"8":{"start":{"line":42,"column":22},"end":{"line":47,"column":null}},"9":{"start":{"line":49,"column":2},"end":{"line":140,"column":null}},"10":{"start":{"line":74,"column":26},"end":{"line":74,"column":45}}},"fnMap":{"0":{"name":"(anonymous_0)","decl":{"start":{"line":22,"column":2},"end":{"line":22,"column":18}},"loc":{"start":{"line":22,"column":18},"end":{"line":38,"column":6}},"line":22},"1":{"name":"(anonymous_1)","decl":{"start":{"line":74,"column":10},"end":{"line":74,"column":20}},"loc":{"start":{"line":74,"column":26},"end":{"line":74,"column":45}},"line":74}},"branchMap":{"0":{"loc":{"start":{"line":18,"column":2},"end":{"line":18,"column":null}},"type":"default-arg","locations":[{"start":{"line":18,"column":9},"end":{"line":18,"column":null}}],"line":18},"1":{"loc":{"start":{"line":19,"column":2},"end":{"line":19,"column":null}},"type":"default-arg","locations":[{"start":{"line":19,"column":14},"end":{"line":19,"column":null}}],"line":19},"2":{"loc":{"start":{"line":40,"column":2},"end":{"line":40,"column":null}},"type":"if","locations":[{"start":{"line":40,"column":2},"end":{"line":40,"column":null}},{"start":{},"end":{}}],"line":40},"3":{"loc":{"start":{"line":72,"column":23},"end":{"line":72,"column":null}},"type":"cond-expr","locations":[{"start":{"line":72,"column":32},"end":{"line":72,"column":63}},{"start":{"line":72,"column":63},"end":{"line":72,"column":null}}],"line":72},"4":{"loc":{"start":{"line":106,"column":13},"end":{"line":118,"column":null}},"type":"binary-expr","locations":[{"start":{"line":106,"column":13},"end":{"line":106,"column":null}},{"start":{"line":107,"column":14},"end":{"line":118,"column":null}}],"line":106},"5":{"loc":{"start":{"line":122,"column":40},"end":{"line":122,"column":66}},"type":"cond-expr","locations":[{"start":{"line":122,"column":48},"end":{"line":122,"column":56}},{"start":{"line":122,"column":56},"end":{"line":122,"column":66}}],"line":122}},"s":{"0":5,"1":1,"2":4,"3":4,"4":5,"5":5,"6":5,"7":1,"8":4,"9":4,"10":0},"f":{"0":5,"1":0},"b":{"0":[5],"1":[5],"2":[1,4],"3":[4,0],"4":[5,4],"5":[4,0]},"meta":{"lastBranch":6,"lastFunction":2,"lastStatement":11,"seen":{"b:18:9:18:Infinity":0,"b:19:14:19:Infinity":1,"s:22:2:38:Infinity":0,"f:22:2:22:18":0,"s:25:8:25:Infinity":1,"s:30:6:30:Infinity":2,"s:31:6:31:Infinity":3,"s:35:6:35:Infinity":4,"s:36:6:36:Infinity":5,"b:40:2:40:Infinity:undefined:undefined:undefined:undefined":2,"s:40:2:40:Infinity":6,"s:40:15:40:Infinity":7,"s:42:22:47:Infinity":8,"s:49:2:140:Infinity":9,"b:72:32:72:63:72:63:72:Infinity":3,"f:74:10:74:20":1,"s:74:26:74:45":10,"b:106:13:106:Infinity:107:14:118:Infinity":4,"b:122:48:122:56:122:56:122:66":5}}}
,"/Users/tomipoch/Documents/Nueva carpeta con elementos/Ultimo Semestre/Tesis/Proyecto/App/src/components/ui/Sidebar.tsx": {"path":"/Users/tomipoch/Documents/Nueva carpeta con elementos/Ultimo Semestre/Tesis/Proyecto/App/src/components/ui/Sidebar.tsx","statementMap":{"0":{"start":{"line":6,"column":16},"end":{"line":6,"column":36}},"1":{"start":{"line":7,"column":8},"end":{"line":7,"column":32}},"2":{"start":{"line":8,"column":8},"end":{"line":8,"column":32}},"3":{"start":{"line":11,"column":4},"end":{"line":11,"column":null}},"4":{"start":{"line":12,"column":4},"end":{"line":12,"column":null}},"5":{"start":{"line":17,"column":4},"end":{"line":65,"column":null}},"6":{"start":{"line":67,"column":2},"end":{"line":160,"column":null}},"7":{"start":{"line":122,"column":34},"end":{"line":122,"column":null}},"8":{"start":{"line":123,"column":29},"end":{"line":123,"column":null}},"9":{"start":{"line":125,"column":12},"end":{"line":137,"column":null}}},"fnMap":{},"branchMap":{"0":{"loc":{"start":{"line":17,"column":4},"end":{"line":65,"column":null}},"type":"cond-expr","locations":[{"start":{"line":18,"column":8},"end":{"line":38,"column":null}},{"start":{"line":39,"column":8},"end":{"line":65,"column":null}}],"line":17},"1":{"loc":{"start":{"line":88,"column":17},"end":{"line":90,"column":null}},"type":"binary-expr","locations":[{"start":{"line":88,"column":17},"end":{"line":88,"column":57}},{"start":{"line":89,"column":18},"end":{"line":89,"column":58}},{"start":{"line":90,"column":18},"end":{"line":90,"column":null}}],"line":88},"2":{"loc":{"start":{"line":95,"column":17},"end":{"line":95,"column":null}},"type":"binary-expr","locations":[{"start":{"line":95,"column":17},"end":{"line":95,"column":35}},{"start":{"line":95,"column":35},"end":{"line":95,"column":null}}],"line":95},"3":{"loc":{"start":{"line":101,"column":20},"end":{"line":105,"column":null}},"type":"cond-expr","locations":[{"start":{"line":102,"column":24},"end":{"line":102,"column":null}},{"start":{"line":103,"column":24},"end":{"line":105,"column":null}}],"line":101},"4":{"loc":{"start":{"line":103,"column":24},"end":{"line":105,"column":null}},"type":"cond-expr","locations":[{"start":{"line":104,"column":26},"end":{"line":104,"column":null}},{"start":{"line":105,"column":26},"end":{"line":105,"column":null}}],"line":103},"5":{"loc":{"start":{"line":108,"column":19},"end":{"line":112,"column":null}},"type":"cond-expr","locations":[{"start":{"line":109,"column":22},"end":{"line":109,"column":null}},{"start":{"line":110,"column":22},"end":{"line":112,"column":null}}],"line":108},"6":{"loc":{"start":{"line":110,"column":22},"end":{"line":112,"column":null}},"type":"cond-expr","locations":[{"start":{"line":111,"column":24},"end":{"line":111,"column":null}},{"start":{"line":112,"column":24},"end":{"line":112,"column":null}}],"line":110},"7":{"loc":{"start":{"line":130,"column":18},"end":{"line":132,"column":null}},"type":"cond-expr","locations":[{"start":{"line":131,"column":22},"end":{"line":131,"column":null}},{"start":{"line":132,"column":22},"end":{"line":132,"column":null}}],"line":130}},"s":{"0":196,"1":196,"2":196,"3":0,"4":0,"5":196,"6":196,"7":590,"8":590,"9":590},"f":{},"b":{"0":[194,2],"1":[196,196,196],"2":[196,196],"3":[0,196],"4":[2,194],"5":[0,196],"6":[2,194],"7":[0,590]},"meta":{"lastBranch":8,"lastFunction":0,"lastStatement":10,"seen":{"s:6:16:6:36":0,"s:7:8:7:32":1,"s:8:8:8:32":2,"s:11:4:11:Infinity":3,"s:12:4:12:Infinity":4,"s:17:4:65:Infinity":5,"b:18:8:38:Infinity:39:8:65:Infinity":0,"s:67:2:160:Infinity":6,"b:88:17:88:57:89:18:89:58:90:18:90:Infinity":1,"b:95:17:95:35:95:35:95:Infinity":2,"b:102:24:102:Infinity:103:24:105:Infinity":3,"b:104:26:104:Infinity:105:26:105:Infinity":4,"b:109:22:109:Infinity:110:22:112:Infinity":5,"b:111:24:111:Infinity:112:24:112:Infinity":6,"s:122:34:122:Infinity":7,"s:123:29:123:Infinity":8,"s:125:12:137:Infinity":9,"b:131:22:131:Infinity:132:22:132:Infinity":7}}}
,"/Users/tomipoch/Documents/Nueva carpeta con elementos/Ultimo Semestre/Tesis/Proyecto/App/src/config/environment.ts": {"path":"/Users/tomipoch/Documents/Nueva carpeta con elementos/Ultimo Semestre/Tesis/Proyecto/App/src/config/environment.ts","statementMap":{"0":{"start":{"line":7,"column":19},"end":{"line":11,"column":null}},"1":{"start":{"line":19,"column":2},"end":{"line":19,"column":null}},"2":{"start":{"line":26,"column":16},"end":{"line":26,"column":44}},"3":{"start":{"line":27,"column":2},"end":{"line":27,"column":null}},"4":{"start":{"line":27,"column":14},"end":{"line":27,"column":null}},"5":{"start":{"line":28,"column":2},"end":{"line":28,"column":null}},"6":{"start":{"line":35,"column":16},"end":{"line":35,"column":30}},"7":{"start":{"line":36,"column":17},"end":{"line":36,"column":36}},"8":{"start":{"line":37,"column":2},"end":{"line":37,"column":null}},"9":{"start":{"line":44,"column":18},"end":{"line":44,"column":null}},"10":{"start":{"line":45,"column":15},"end":{"line":45,"column":null}},"11":{"start":{"line":48,"column":14},"end":{"line":48,"column":null}},"12":{"start":{"line":53,"column":6},"end":{"line":53,"column":null}},"13":{"start":{"line":56,"column":6},"end":{"line":56,"column":null}},"14":{"start":{"line":58,"column":6},"end":{"line":58,"column":null}},"15":{"start":{"line":63,"column":26},"end":{"line":63,"column":49}},"16":{"start":{"line":66,"column":29},"end":{"line":66,"column":null}},"17":{"start":{"line":67,"column":25},"end":{"line":67,"column":null}},"18":{"start":{"line":68,"column":28},"end":{"line":68,"column":null}},"19":{"start":{"line":79,"column":36},"end":{"line":85,"column":null}},"20":{"start":{"line":95,"column":36},"end":{"line":100,"column":null}},"21":{"start":{"line":113,"column":38},"end":{"line":121,"column":null}},"22":{"start":{"line":131,"column":44},"end":{"line":136,"column":null}},"23":{"start":{"line":153,"column":34},"end":{"line":165,"column":null}},"24":{"start":{"line":173,"column":34},"end":{"line":176,"column":null}},"25":{"start":{"line":184,"column":46},"end":{"line":187,"column":null}},"26":{"start":{"line":192,"column":22},"end":{"line":213,"column":null}},"27":{"start":{"line":195,"column":6},"end":{"line":195,"column":null}},"28":{"start":{"line":200,"column":6},"end":{"line":200,"column":null}},"29":{"start":{"line":205,"column":6},"end":{"line":205,"column":null}},"30":{"start":{"line":210,"column":6},"end":{"line":210,"column":null}},"31":{"start":{"line":220,"column":4},"end":{"line":220,"column":null}},"32":{"start":{"line":229,"column":4},"end":{"line":235,"column":null}},"33":{"start":{"line":256,"column":30},"end":{"line":270,"column":null}}},"fnMap":{},"branchMap":{"0":{"loc":{"start":{"line":18,"column":32},"end":{"line":18,"column":62}},"type":"default-arg","locations":[{"start":{"line":18,"column":47},"end":{"line":18,"column":62}}],"line":18},"1":{"loc":{"start":{"line":19,"column":9},"end":{"line":19,"column":null}},"type":"binary-expr","locations":[{"start":{"line":19,"column":9},"end":{"line":19,"column":33}},{"start":{"line":19,"column":33},"end":{"line":19,"column":null}}],"line":19},"2":{"loc":{"start":{"line":25,"column":36},"end":{"line":25,"column":70}},"type":"default-arg","locations":[{"start":{"line":25,"column":51},"end":{"line":25,"column":70}}],"line":25},"3":{"loc":{"start":{"line":27,"column":2},"end":{"line":27,"column":null}},"type":"if","locations":[{"start":{"line":27,"column":2},"end":{"line":27,"column":null}},{"start":{},"end":{}}],"line":27},"4":{"loc":{"start":{"line":28,"column":9},"end":{"line":28,"column":null}},"type":"binary-expr","locations":[{"start":{"line":28,"column":9},"end":{"line":28,"column":29}},{"start":{"line":28,"column":29},"end":{"line":28,"column":null}}],"line":28},"5":{"loc":{"start":{"line":34,"column":35},"end":{"line":34,"column":64}},"type":"default-arg","locations":[{"start":{"line":34,"column":50},"end":{"line":34,"column":64}}],"line":34},"6":{"loc":{"start":{"line":37,"column":9},"end":{"line":37,"column":null}},"type":"cond-expr","locations":[{"start":{"line":37,"column":25},"end":{"line":37,"column":40}},{"start":{"line":37,"column":40},"end":{"line":37,"column":null}}],"line":37},"7":{"loc":{"start":{"line":44,"column":18},"end":{"line":44,"column":null}},"type":"binary-expr","locations":[{"start":{"line":44,"column":18},"end":{"line":44,"column":44}},{"start":{"line":44,"column":48},"end":{"line":44,"column":69}},{"start":{"line":44,"column":73},"end":{"line":44,"column":null}}],"line":44},"8":{"loc":{"start":{"line":45,"column":15},"end":{"line":45,"column":null}},"type":"binary-expr","locations":[{"start":{"line":45,"column":15},"end":{"line":45,"column":39}},{"start":{"line":45,"column":39},"end":{"line":45,"column":null}}],"line":45},"9":{"loc":{"start":{"line":48,"column":14},"end":{"line":48,"column":null}},"type":"binary-expr","locations":[{"start":{"line":48,"column":14},"end":{"line":48,"column":40}},{"start":{"line":48,"column":44},"end":{"line":48,"column":52}},{"start":{"line":48,"column":52},"end":{"line":48,"column":null}}],"line":48},"10":{"loc":{"start":{"line":96,"column":11},"end":{"line":96,"column":95}},"type":"binary-expr","locations":[{"start":{"line":96,"column":11},"end":{"line":96,"column":41}},{"start":{"line":96,"column":45},"end":{"line":96,"column":95}}],"line":96},"11":{"loc":{"start":{"line":194,"column":8},"end":{"line":194,"column":49}},"type":"binary-expr","locations":[{"start":{"line":194,"column":8},"end":{"line":194,"column":32}},{"start":{"line":194,"column":32},"end":{"line":194,"column":49}}],"line":194},"12":{"loc":{"start":{"line":219,"column":6},"end":{"line":219,"column":40}},"type":"binary-expr","locations":[{"start":{"line":219,"column":6},"end":{"line":219,"column":23}},{"start":{"line":219,"column":23},"end":{"line":219,"column":40}}],"line":219}},"s":{"0":6,"1":216,"2":90,"3":90,"4":18,"5":72,"6":48,"7":48,"8":48,"9":6,"10":6,"11":6,"12":0,"13":0,"14":6,"15":6,"16":6,"17":6,"18":6,"19":6,"20":6,"21":6,"22":6,"23":6,"24":6,"25":6,"26":6,"27":26,"28":0,"29":0,"30":0,"31":0,"32":0,"33":6},"f":{},"b":{"0":[216],"1":[216,54],"2":[90],"3":[18,72],"4":[72,6],"5":[48],"6":[6,42],"7":[6,0,0],"8":[6,0],"9":[6,0,0],"10":[6,0],"11":[26,26],"12":[0,0]},"meta":{"lastBranch":13,"lastFunction":0,"lastStatement":34,"seen":{"s:7:19:11:Infinity":0,"b:18:47:18:62":0,"s:19:2:19:Infinity":1,"b:19:9:19:33:19:33:19:Infinity":1,"b:25:51:25:70":2,"s:26:16:26:44":2,"b:27:2:27:Infinity:undefined:undefined:undefined:undefined":3,"s:27:2:27:Infinity":3,"s:27:14:27:Infinity":4,"s:28:2:28:Infinity":5,"b:28:9:28:29:28:29:28:Infinity":4,"b:34:50:34:64":5,"s:35:16:35:30":6,"s:36:17:36:36":7,"s:37:2:37:Infinity":8,"b:37:25:37:40:37:40:37:Infinity":6,"s:44:18:44:Infinity":9,"b:44:18:44:44:44:48:44:69:44:73:44:Infinity":7,"s:45:15:45:Infinity":10,"b:45:15:45:39:45:39:45:Infinity":8,"s:48:14:48:Infinity":11,"b:48:14:48:40:48:44:48:52:48:52:48:Infinity":9,"s:53:6:53:Infinity":12,"s:56:6:56:Infinity":13,"s:58:6:58:Infinity":14,"s:63:26:63:49":15,"s:66:29:66:Infinity":16,"s:67:25:67:Infinity":17,"s:68:28:68:Infinity":18,"s:79:36:85:Infinity":19,"s:95:36:100:Infinity":20,"b:96:11:96:41:96:45:96:95":10,"s:113:38:121:Infinity":21,"s:131:44:136:Infinity":22,"s:153:34:165:Infinity":23,"s:173:34:176:Infinity":24,"s:184:46:187:Infinity":25,"s:192:22:213:Infinity":26,"b:194:8:194:32:194:32:194:49":11,"s:195:6:195:Infinity":27,"s:200:6:200:Infinity":28,"s:205:6:205:Infinity":29,"s:210:6:210:Infinity":30,"b:219:6:219:23:219:23:219:40":12,"s:220:4:220:Infinity":31,"s:229:4:235:Infinity":32,"s:256:30:270:Infinity":33}}}
,"/Users/tomipoch/Documents/Nueva carpeta con elementos/Ultimo Semestre/Tesis/Proyecto/App/src/context/AuthContext.tsx": {"path":"/Users/tomipoch/Documents/Nueva carpeta con elementos/Ultimo Semestre/Tesis/Proyecto/App/src/context/AuthContext.tsx","statementMap":{"0":{"start":{"line":9,"column":21},"end":{"line":15,"column":null}},"1":{"start":{"line":18,"column":20},"end":{"line":26,"column":null}},"2":{"start":{"line":32,"column":6},"end":{"line":36,"column":null}},"3":{"start":{"line":38,"column":6},"end":{"line":45,"column":null}},"4":{"start":{"line":47,"column":6},"end":{"line":54,"column":null}},"5":{"start":{"line":56,"column":6},"end":{"line":63,"column":null}},"6":{"start":{"line":65,"column":6},"end":{"line":70,"column":null}},"7":{"start":{"line":72,"column":6},"end":{"line":75,"column":null}},"8":{"start":{"line":77,"column":6},"end":{"line":80,"column":null}},"9":{"start":{"line":82,"column":6},"end":{"line":82,"column":null}},"10":{"start":{"line":87,"column":6},"end":{"line":87,"column":39}},"11":{"start":{"line":91,"column":16},"end":{"line":91,"column":65}},"12":{"start":{"line":94,"column":2},"end":{"line":208,"column":null}},"13":{"start":{"line":96,"column":6},"end":{"line":96,"column":null}},"14":{"start":{"line":98,"column":20},"end":{"line":98,"column":48}},"15":{"start":{"line":99,"column":19},"end":{"line":99,"column":40}},"16":{"start":{"line":102,"column":8},"end":{"line":107,"column":null}},"17":{"start":{"line":114,"column":12},"end":{"line":120,"column":null}},"18":{"start":{"line":123,"column":14},"end":{"line":126,"column":null}},"19":{"start":{"line":131,"column":30},"end":{"line":131,"column":60}},"20":{"start":{"line":132,"column":14},"end":{"line":138,"column":null}},"21":{"start":{"line":141,"column":16},"end":{"line":144,"column":null}},"22":{"start":{"line":150,"column":16},"end":{"line":150,"column":null}},"23":{"start":{"line":151,"column":16},"end":{"line":151,"column":null}},"24":{"start":{"line":154,"column":18},"end":{"line":154,"column":null}},"25":{"start":{"line":158,"column":16},"end":{"line":158,"column":null}},"26":{"start":{"line":159,"column":16},"end":{"line":165,"column":null}},"27":{"start":{"line":168,"column":18},"end":{"line":168,"column":null}},"28":{"start":{"line":172,"column":16},"end":{"line":193,"column":null}},"29":{"start":{"line":173,"column":18},"end":{"line":192,"column":null}},"30":{"start":{"line":177,"column":22},"end":{"line":180,"column":null}},"31":{"start":{"line":181,"column":22},"end":{"line":181,"column":null}},"32":{"start":{"line":184,"column":24},"end":{"line":184,"column":null}},"33":{"start":{"line":190,"column":24},"end":{"line":190,"column":null}},"34":{"start":{"line":199,"column":10},"end":{"line":199,"column":null}},"35":{"start":{"line":200,"column":10},"end":{"line":200,"column":null}},"36":{"start":{"line":203,"column":8},"end":{"line":203,"column":null}},"37":{"start":{"line":207,"column":4},"end":{"line":207,"column":null}},"38":{"start":{"line":211,"column":2},"end":{"line":271,"column":null}},"39":{"start":{"line":215,"column":8},"end":{"line":215,"column":null}},"40":{"start":{"line":216,"column":8},"end":{"line":216,"column":null}},"41":{"start":{"line":219,"column":10},"end":{"line":219,"column":null}},"42":{"start":{"line":222,"column":8},"end":{"line":222,"column":null}},"43":{"start":{"line":223,"column":8},"end":{"line":223,"column":null}},"44":{"start":{"line":228,"column":22},"end":{"line":228,"column":50}},"45":{"start":{"line":229,"column":21},"end":{"line":229,"column":42}},"46":{"start":{"line":232,"column":10},"end":{"line":235,"column":null}},"47":{"start":{"line":238,"column":12},"end":{"line":238,"column":null}},"48":{"start":{"line":241,"column":10},"end":{"line":241,"column":null}},"49":{"start":{"line":246,"column":23},"end":{"line":246,"column":null}},"50":{"start":{"line":248,"column":25},"end":{"line":248,"column":53}},"51":{"start":{"line":249,"column":24},"end":{"line":249,"column":45}},"52":{"start":{"line":254,"column":12},"end":{"line":254,"column":null}},"53":{"start":{"line":258,"column":10},"end":{"line":261,"column":null}},"54":{"start":{"line":266,"column":4},"end":{"line":266,"column":null}},"55":{"start":{"line":269,"column":6},"end":{"line":269,"column":null}},"56":{"start":{"line":276,"column":6},"end":{"line":276,"column":null}},"57":{"start":{"line":280,"column":24},"end":{"line":285,"column":null}},"58":{"start":{"line":286,"column":25},"end":{"line":286,"column":50}},"59":{"start":{"line":289,"column":8},"end":{"line":289,"column":null}},"60":{"start":{"line":290,"column":8},"end":{"line":290,"column":null}},"61":{"start":{"line":293,"column":10},"end":{"line":296,"column":null}},"62":{"start":{"line":299,"column":8},"end":{"line":302,"column":null}},"63":{"start":{"line":305,"column":10},"end":{"line":305,"column":null}},"64":{"start":{"line":307,"column":8},"end":{"line":307,"column":null}},"65":{"start":{"line":308,"column":8},"end":{"line":308,"column":null}},"66":{"start":{"line":313,"column":26},"end":{"line":318,"column":null}},"67":{"start":{"line":319,"column":27},"end":{"line":319,"column":54}},"68":{"start":{"line":322,"column":8},"end":{"line":322,"column":null}},"69":{"start":{"line":323,"column":8},"end":{"line":323,"column":null}},"70":{"start":{"line":325,"column":8},"end":{"line":328,"column":null}},"71":{"start":{"line":330,"column":8},"end":{"line":330,"column":null}},"72":{"start":{"line":331,"column":8},"end":{"line":331,"column":null}},"73":{"start":{"line":335,"column":23},"end":{"line":335,"column":59}},"74":{"start":{"line":336,"column":52},"end":{"line":336,"column":null}},"75":{"start":{"line":339,"column":6},"end":{"line":339,"column":null}},"76":{"start":{"line":340,"column":6},"end":{"line":340,"column":null}},"77":{"start":{"line":344,"column":8},"end":{"line":344,"column":null}},"78":{"start":{"line":347,"column":6},"end":{"line":350,"column":null}},"79":{"start":{"line":353,"column":6},"end":{"line":353,"column":null}},"80":{"start":{"line":354,"column":6},"end":{"line":354,"column":null}},"81":{"start":{"line":357,"column":8},"end":{"line":357,"column":null}},"82":{"start":{"line":359,"column":6},"end":{"line":359,"column":null}},"83":{"start":{"line":360,"column":6},"end":{"line":360,"column":null}},"84":{"start":{"line":362,"column":27},"end":{"line":362,"column":null}},"85":{"start":{"line":363,"column":6},"end":{"line":366,"column":null}},"86":{"start":{"line":369,"column":8},"end":{"line":369,"column":null}},"87":{"start":{"line":371,"column":6},"end":{"line":371,"column":null}},"88":{"start":{"line":372,"column":6},"end":{"line":372,"column":null}},"89":{"start":{"line":379,"column":6},"end":{"line":379,"column":null}},"90":{"start":{"line":381,"column":6},"end":{"line":381,"column":null}},"91":{"start":{"line":382,"column":6},"end":{"line":382,"column":null}},"92":{"start":{"line":384,"column":6},"end":{"line":384,"column":null}},"93":{"start":{"line":385,"column":6},"end":{"line":385,"column":null}},"94":{"start":{"line":387,"column":27},"end":{"line":387,"column":null}},"95":{"start":{"line":388,"column":6},"end":{"line":391,"column":null}},"96":{"start":{"line":392,"column":6},"end":{"line":392,"column":null}},"97":{"start":{"line":393,"column":6},"end":{"line":393,"column":null}},"98":{"start":{"line":400,"column":6},"end":{"line":400,"column":null}},"99":{"start":{"line":403,"column":8},"end":{"line":403,"column":null}},"100":{"start":{"line":407,"column":6},"end":{"line":407,"column":null}},"101":{"start":{"line":408,"column":6},"end":{"line":408,"column":null}},"102":{"start":{"line":411,"column":6},"end":{"line":411,"column":null}},"103":{"start":{"line":412,"column":6},"end":{"line":412,"column":null}},"104":{"start":{"line":415,"column":8},"end":{"line":415,"column":null}},"105":{"start":{"line":417,"column":6},"end":{"line":417,"column":null}},"106":{"start":{"line":423,"column":4},"end":{"line":423,"column":null}},"107":{"start":{"line":429,"column":22},"end":{"line":429,"column":52}},"108":{"start":{"line":430,"column":6},"end":{"line":433,"column":null}},"109":{"start":{"line":435,"column":6},"end":{"line":435,"column":null}},"110":{"start":{"line":436,"column":6},"end":{"line":436,"column":null}},"111":{"start":{"line":438,"column":6},"end":{"line":438,"column":null}},"112":{"start":{"line":439,"column":6},"end":{"line":439,"column":null}},"113":{"start":{"line":443,"column":16},"end":{"line":450,"column":null}},"114":{"start":{"line":452,"column":2},"end":{"line":452,"column":null}}},"fnMap":{"0":{"name":"(anonymous_0)","decl":{"start":{"line":94,"column":2},"end":{"line":94,"column":18}},"loc":{"start":{"line":94,"column":18},"end":{"line":208,"column":7}},"line":94},"1":{"name":"(anonymous_1)","decl":{"start":{"line":172,"column":16},"end":{"line":172,"column":33}},"loc":{"start":{"line":172,"column":33},"end":{"line":193,"column":24}},"line":172},"2":{"name":"(anonymous_2)","decl":{"start":{"line":175,"column":21},"end":{"line":175,"column":27}},"loc":{"start":{"line":175,"column":39},"end":{"line":186,"column":null}},"line":175},"3":{"name":"(anonymous_3)","decl":{"start":{"line":187,"column":21},"end":{"line":187,"column":33}},"loc":{"start":{"line":187,"column":33},"end":{"line":192,"column":null}},"line":187},"4":{"name":"(anonymous_4)","decl":{"start":{"line":211,"column":2},"end":{"line":211,"column":18}},"loc":{"start":{"line":211,"column":18},"end":{"line":271,"column":6}},"line":211}},"branchMap":{"0":{"loc":{"start":{"line":105,"column":17},"end":{"line":105,"column":null}},"type":"cond-expr","locations":[{"start":{"line":105,"column":25},"end":{"line":105,"column":58}},{"start":{"line":105,"column":58},"end":{"line":105,"column":null}}],"line":105},"1":{"loc":{"start":{"line":106,"column":16},"end":{"line":106,"column":null}},"type":"cond-expr","locations":[{"start":{"line":106,"column":23},"end":{"line":106,"column":35}},{"start":{"line":106,"column":35},"end":{"line":106,"column":null}}],"line":106},"2":{"loc":{"start":{"line":110,"column":10},"end":{"line":110,"column":25}},"type":"binary-expr","locations":[{"start":{"line":110,"column":10},"end":{"line":110,"column":19}},{"start":{"line":110,"column":19},"end":{"line":110,"column":25}}],"line":110},"3":{"loc":{"start":{"line":113,"column":14},"end":{"line":113,"column":80}},"type":"binary-expr","locations":[{"start":{"line":113,"column":14},"end":{"line":113,"column":44}},{"start":{"line":113,"column":48},"end":{"line":113,"column":80}}],"line":113},"4":{"loc":{"start":{"line":231,"column":12},"end":{"line":231,"column":53}},"type":"binary-expr","locations":[{"start":{"line":231,"column":12},"end":{"line":231,"column":21}},{"start":{"line":231,"column":21},"end":{"line":231,"column":29}},{"start":{"line":231,"column":29},"end":{"line":231,"column":53}}],"line":231},"5":{"loc":{"start":{"line":246,"column":23},"end":{"line":246,"column":null}},"type":"cond-expr","locations":[{"start":{"line":246,"column":52},"end":{"line":246,"column":72}},{"start":{"line":246,"column":72},"end":{"line":246,"column":null}}],"line":246},"6":{"loc":{"start":{"line":247,"column":10},"end":{"line":247,"column":60}},"type":"binary-expr","locations":[{"start":{"line":247,"column":10},"end":{"line":247,"column":32}},{"start":{"line":247,"column":32},"end":{"line":247,"column":60}}],"line":247},"7":{"loc":{"start":{"line":251,"column":12},"end":{"line":251,"column":35}},"type":"binary-expr","locations":[{"start":{"line":251,"column":12},"end":{"line":251,"column":25}},{"start":{"line":251,"column":25},"end":{"line":251,"column":35}}],"line":251},"8":{"loc":{"start":{"line":279,"column":10},"end":{"line":279,"column":85}},"type":"binary-expr","locations":[{"start":{"line":279,"column":10},"end":{"line":279,"column":50}},{"start":{"line":279,"column":50},"end":{"line":279,"column":85}}],"line":279},"9":{"loc":{"start":{"line":312,"column":10},"end":{"line":312,"column":87}},"type":"binary-expr","locations":[{"start":{"line":312,"column":10},"end":{"line":312,"column":52}},{"start":{"line":312,"column":52},"end":{"line":312,"column":87}}],"line":312},"10":{"loc":{"start":{"line":362,"column":27},"end":{"line":362,"column":null}},"type":"binary-expr","locations":[{"start":{"line":362,"column":27},"end":{"line":362,"column":60}},{"start":{"line":362,"column":60},"end":{"line":362,"column":null}}],"line":362},"11":{"loc":{"start":{"line":387,"column":27},"end":{"line":387,"column":null}},"type":"binary-expr","locations":[{"start":{"line":387,"column":27},"end":{"line":387,"column":60}},{"start":{"line":387,"column":60},"end":{"line":387,"column":null}}],"line":387}},"s":{"0":4,"1":4,"2":0,"3":0,"4":0,"5":0,"6":0,"7":2,"8":0,"9":0,"10":4,"11":2,"12":2,"13":1,"14":1,"15":1,"16":1,"17":0,"18":0,"19":0,"20":0,"21":0,"22":0,"23":0,"24":0,"25":0,"26":0,"27":0,"28":0,"29":0,"30":0,"31":0,"32":0,"33":0,"34":0,"35":0,"36":1,"37":1,"38":2,"39":0,"40":0,"41":0,"42":0,"43":0,"44":0,"45":0,"46":0,"47":0,"48":0,"49":0,"50":0,"51":0,"52":0,"53":0,"54":1,"55":1,"56":0,"57":0,"58":0,"59":0,"60":0,"61":0,"62":0,"63":0,"64":0,"65":0,"66":0,"67":0,"68":0,"69":0,"70":0,"71":0,"72":0,"73":0,"74":0,"75":0,"76":0,"77":0,"78":0,"79":0,"80":0,"81":0,"82":0,"83":0,"84":0,"85":0,"86":0,"87":0,"88":0,"89":0,"90":0,"91":0,"92":0,"93":0,"94":0,"95":0,"96":0,"97":0,"98":0,"99":0,"100":0,"101":0,"102":0,"103":0,"104":0,"105":0,"106":0,"107":0,"108":0,"109":0,"110":0,"111":0,"112":0,"113":2,"114":2},"f":{"0":1,"1":0,"2":0,"3":0,"4":1},"b":{"0":[0,1],"1":[0,1],"2":[1,0],"3":[0,0],"4":[0,0,0],"5":[0,0],"6":[0,0],"7":[0,0],"8":[0,0],"9":[0,0],"10":[0,0],"11":[0,0]},"meta":{"lastBranch":12,"lastFunction":5,"lastStatement":115,"seen":{"s:9:21:15:Infinity":0,"s:18:20:26:Infinity":1,"s:32:6:36:Infinity":2,"s:38:6:45:Infinity":3,"s:47:6:54:Infinity":4,"s:56:6:63:Infinity":5,"s:65:6:70:Infinity":6,"s:72:6:75:Infinity":7,"s:77:6:80:Infinity":8,"s:82:6:82:Infinity":9,"s:87:6:87:39":10,"s:91:16:91:65":11,"s:94:2:208:Infinity":12,"f:94:2:94:18":0,"s:96:6:96:Infinity":13,"s:98:20:98:48":14,"s:99:19:99:40":15,"s:102:8:107:Infinity":16,"b:105:25:105:58:105:58:105:Infinity":0,"b:106:23:106:35:106:35:106:Infinity":1,"b:110:10:110:19:110:19:110:25":2,"b:113:14:113:44:113:48:113:80":3,"s:114:12:120:Infinity":17,"s:123:14:126:Infinity":18,"s:131:30:131:60":19,"s:132:14:138:Infinity":20,"s:141:16:144:Infinity":21,"s:150:16:150:Infinity":22,"s:151:16:151:Infinity":23,"s:154:18:154:Infinity":24,"s:158:16:158:Infinity":25,"s:159:16:165:Infinity":26,"s:168:18:168:Infinity":27,"s:172:16:193:Infinity":28,"f:172:16:172:33":1,"s:173:18:192:Infinity":29,"f:175:21:175:27":2,"s:177:22:180:Infinity":30,"s:181:22:181:Infinity":31,"s:184:24:184:Infinity":32,"f:187:21:187:33":3,"s:190:24:190:Infinity":33,"s:199:10:199:Infinity":34,"s:200:10:200:Infinity":35,"s:203:8:203:Infinity":36,"s:207:4:207:Infinity":37,"s:211:2:271:Infinity":38,"f:211:2:211:18":4,"s:215:8:215:Infinity":39,"s:216:8:216:Infinity":40,"s:219:10:219:Infinity":41,"s:222:8:222:Infinity":42,"s:223:8:223:Infinity":43,"s:228:22:228:50":44,"s:229:21:229:42":45,"b:231:12:231:21:231:21:231:29:231:29:231:53":4,"s:232:10:235:Infinity":46,"s:238:12:238:Infinity":47,"s:241:10:241:Infinity":48,"s:246:23:246:Infinity":49,"b:246:52:246:72:246:72:246:Infinity":5,"b:247:10:247:32:247:32:247:60":6,"s:248:25:248:53":50,"s:249:24:249:45":51,"b:251:12:251:25:251:25:251:35":7,"s:254:12:254:Infinity":52,"s:258:10:261:Infinity":53,"s:266:4:266:Infinity":54,"s:269:6:269:Infinity":55,"s:276:6:276:Infinity":56,"b:279:10:279:50:279:50:279:85":8,"s:280:24:285:Infinity":57,"s:286:25:286:50":58,"s:289:8:289:Infinity":59,"s:290:8:290:Infinity":60,"s:293:10:296:Infinity":61,"s:299:8:302:Infinity":62,"s:305:10:305:Infinity":63,"s:307:8:307:Infinity":64,"s:308:8:308:Infinity":65,"b:312:10:312:52:312:52:312:87":9,"s:313:26:318:Infinity":66,"s:319:27:319:54":67,"s:322:8:322:Infinity":68,"s:323:8:323:Infinity":69,"s:325:8:328:Infinity":70,"s:330:8:330:Infinity":71,"s:331:8:331:Infinity":72,"s:335:23:335:59":73,"s:336:52:336:Infinity":74,"s:339:6:339:Infinity":75,"s:340:6:340:Infinity":76,"s:344:8:344:Infinity":77,"s:347:6:350:Infinity":78,"s:353:6:353:Infinity":79,"s:354:6:354:Infinity":80,"s:357:8:357:Infinity":81,"s:359:6:359:Infinity":82,"s:360:6:360:Infinity":83,"s:362:27:362:Infinity":84,"b:362:27:362:60:362:60:362:Infinity":10,"s:363:6:366:Infinity":85,"s:369:8:369:Infinity":86,"s:371:6:371:Infinity":87,"s:372:6:372:Infinity":88,"s:379:6:379:Infinity":89,"s:381:6:381:Infinity":90,"s:382:6:382:Infinity":91,"s:384:6:384:Infinity":92,"s:385:6:385:Infinity":93,"s:387:27:387:Infinity":94,"b:387:27:387:60:387:60:387:Infinity":11,"s:388:6:391:Infinity":95,"s:392:6:392:Infinity":96,"s:393:6:393:Infinity":97,"s:400:6:400:Infinity":98,"s:403:8:403:Infinity":99,"s:407:6:407:Infinity":100,"s:408:6:408:Infinity":101,"s:411:6:411:Infinity":102,"s:412:6:412:Infinity":103,"s:415:8:415:Infinity":104,"s:417:6:417:Infinity":105,"s:423:4:423:Infinity":106,"s:429:22:429:52":107,"s:430:6:433:Infinity":108,"s:435:6:435:Infinity":109,"s:436:6:436:Infinity":110,"s:438:6:438:Infinity":111,"s:439:6:439:Infinity":112,"s:443:16:450:Infinity":113,"s:452:2:452:Infinity":114}}}
,"/Users/tomipoch/Documents/Nueva carpeta con elementos/Ultimo Semestre/Tesis/Proyecto/App/src/context/ThemeContext.tsx": {"path":"/Users/tomipoch/Documents/Nueva carpeta con elementos/Ultimo Semestre/Tesis/Proyecto/App/src/context/ThemeContext.tsx","statementMap":{"0":{"start":{"line":6,"column":13},"end":{"line":6,"column":82}},"1":{"start":{"line":13,"column":16},"end":{"line":13,"column":79}},"2":{"start":{"line":13,"column":28},"end":{"line":13,"column":78}},"3":{"start":{"line":14,"column":20},"end":{"line":17,"column":null}},"4":{"start":{"line":15,"column":18},"end":{"line":15,"column":53}},"5":{"start":{"line":16,"column":4},"end":{"line":16,"column":null}},"6":{"start":{"line":20,"column":2},"end":{"line":22,"column":null}},"7":{"start":{"line":21,"column":4},"end":{"line":21,"column":null}},"8":{"start":{"line":25,"column":2},"end":{"line":35,"column":null}},"9":{"start":{"line":26,"column":4},"end":{"line":26,"column":null}},"10":{"start":{"line":26,"column":30},"end":{"line":26,"column":null}},"11":{"start":{"line":28,"column":23},"end":{"line":28,"column":72}},"12":{"start":{"line":30,"column":6},"end":{"line":30,"column":null}},"13":{"start":{"line":33,"column":4},"end":{"line":33,"column":null}},"14":{"start":{"line":34,"column":4},"end":{"line":34,"column":null}},"15":{"start":{"line":34,"column":17},"end":{"line":34,"column":71}},"16":{"start":{"line":38,"column":21},"end":{"line":38,"column":null}},"17":{"start":{"line":39,"column":4},"end":{"line":39,"column":null}},"18":{"start":{"line":40,"column":4},"end":{"line":40,"column":null}},"19":{"start":{"line":41,"column":4},"end":{"line":41,"column":null}},"20":{"start":{"line":45,"column":4},"end":{"line":45,"column":null}},"21":{"start":{"line":48,"column":12},"end":{"line":48,"column":42}},"22":{"start":{"line":49,"column":6},"end":{"line":49,"column":null}},"23":{"start":{"line":50,"column":6},"end":{"line":50,"column":null}},"24":{"start":{"line":52,"column":6},"end":{"line":52,"column":null}},"25":{"start":{"line":53,"column":6},"end":{"line":53,"column":null}},"26":{"start":{"line":57,"column":34},"end":{"line":62,"column":null}},"27":{"start":{"line":64,"column":2},"end":{"line":64,"column":null}}},"fnMap":{"0":{"name":"(anonymous_0)","decl":{"start":{"line":13,"column":28},"end":{"line":13,"column":61}},"loc":{"start":{"line":13,"column":28},"end":{"line":13,"column":78}},"line":13},"1":{"name":"(anonymous_1)","decl":{"start":{"line":14,"column":36},"end":{"line":14,"column":78}},"loc":{"start":{"line":14,"column":78},"end":{"line":17,"column":null}},"line":14},"2":{"name":"(anonymous_2)","decl":{"start":{"line":20,"column":2},"end":{"line":20,"column":18}},"loc":{"start":{"line":20,"column":18},"end":{"line":22,"column":6}},"line":20},"3":{"name":"(anonymous_3)","decl":{"start":{"line":25,"column":2},"end":{"line":25,"column":18}},"loc":{"start":{"line":25,"column":18},"end":{"line":35,"column":6}},"line":25},"4":{"name":"(anonymous_4)","decl":{"start":{"line":34,"column":4},"end":{"line":34,"column":17}},"loc":{"start":{"line":34,"column":17},"end":{"line":34,"column":71}},"line":34}},"branchMap":{"0":{"loc":{"start":{"line":16,"column":11},"end":{"line":16,"column":null}},"type":"binary-expr","locations":[{"start":{"line":16,"column":11},"end":{"line":16,"column":20}},{"start":{"line":16,"column":20},"end":{"line":16,"column":null}}],"line":16},"1":{"loc":{"start":{"line":26,"column":4},"end":{"line":26,"column":null}},"type":"if","locations":[{"start":{"line":26,"column":4},"end":{"line":26,"column":null}},{"start":{},"end":{}}],"line":26},"2":{"loc":{"start":{"line":30,"column":15},"end":{"line":30,"column":44}},"type":"cond-expr","locations":[{"start":{"line":30,"column":27},"end":{"line":30,"column":36}},{"start":{"line":30,"column":36},"end":{"line":30,"column":44}}],"line":30},"3":{"loc":{"start":{"line":38,"column":21},"end":{"line":38,"column":null}},"type":"cond-expr","locations":[{"start":{"line":38,"column":41},"end":{"line":38,"column":50}},{"start":{"line":38,"column":50},"end":{"line":38,"column":null}}],"line":38}},"s":{"0":1,"1":1,"2":1,"3":1,"4":1,"5":1,"6":1,"7":1,"8":1,"9":1,"10":1,"11":0,"12":0,"13":0,"14":0,"15":0,"16":0,"17":0,"18":0,"19":0,"20":0,"21":0,"22":0,"23":0,"24":0,"25":0,"26":1,"27":1},"f":{"0":1,"1":1,"2":1,"3":1,"4":0},"b":{"0":[1,1],"1":[1,0],"2":[0,0],"3":[0,0]},"meta":{"lastBranch":4,"lastFunction":5,"lastStatement":28,"seen":{"s:6:13:6:82":0,"s:13:16:13:79":1,"f:13:28:13:61":0,"s:13:28:13:78":2,"s:14:20:17:Infinity":3,"f:14:36:14:78":1,"s:15:18:15:53":4,"s:16:4:16:Infinity":5,"b:16:11:16:20:16:20:16:Infinity":0,"s:20:2:22:Infinity":6,"f:20:2:20:18":2,"s:21:4:21:Infinity":7,"s:25:2:35:Infinity":8,"f:25:2:25:18":3,"b:26:4:26:Infinity:undefined:undefined:undefined:undefined":1,"s:26:4:26:Infinity":9,"s:26:30:26:Infinity":10,"s:28:23:28:72":11,"s:30:6:30:Infinity":12,"b:30:27:30:36:30:36:30:44":2,"s:33:4:33:Infinity":13,"s:34:4:34:Infinity":14,"f:34:4:34:17":4,"s:34:17:34:71":15,"s:38:21:38:Infinity":16,"b:38:41:38:50:38:50:38:Infinity":3,"s:39:4:39:Infinity":17,"s:40:4:40:Infinity":18,"s:41:4:41:Infinity":19,"s:45:4:45:Infinity":20,"s:48:12:48:42":21,"s:49:6:49:Infinity":22,"s:50:6:50:Infinity":23,"s:52:6:52:Infinity":24,"s:53:6:53:Infinity":25,"s:57:34:62:Infinity":26,"s:64:2:64:Infinity":27}}}
,"/Users/tomipoch/Documents/Nueva carpeta con elementos/Ultimo Semestre/Tesis/Proyecto/App/src/context/theme.ts": {"path":"/Users/tomipoch/Documents/Nueva carpeta con elementos/Ultimo Semestre/Tesis/Proyecto/App/src/context/theme.ts","statementMap":{"0":{"start":{"line":5,"column":4},"end":{"line":5,"column":null}},"1":{"start":{"line":7,"column":2},"end":{"line":7,"column":null}},"2":{"start":{"line":11,"column":2},"end":{"line":11,"column":null}},"3":{"start":{"line":11,"column":39},"end":{"line":11,"column":null}},"4":{"start":{"line":13,"column":15},"end":{"line":13,"column":null}},"5":{"start":{"line":14,"column":15},"end":{"line":14,"column":null}},"6":{"start":{"line":17,"column":4},"end":{"line":17,"column":null}},"7":{"start":{"line":18,"column":4},"end":{"line":18,"column":null}},"8":{"start":{"line":19,"column":4},"end":{"line":19,"column":null}},"9":{"start":{"line":21,"column":4},"end":{"line":21,"column":null}},"10":{"start":{"line":22,"column":4},"end":{"line":22,"column":null}},"11":{"start":{"line":23,"column":4},"end":{"line":23,"column":null}},"12":{"start":{"line":28,"column":2},"end":{"line":28,"column":null}},"13":{"start":{"line":28,"column":37},"end":{"line":28,"column":null}},"14":{"start":{"line":32,"column":18},"end":{"line":32,"column":68}},"15":{"start":{"line":34,"column":21},"end":{"line":34,"column":38}},"16":{"start":{"line":36,"column":8},"end":{"line":36,"column":null}},"17":{"start":{"line":39,"column":4},"end":{"line":39,"column":null}},"18":{"start":{"line":41,"column":4},"end":{"line":41,"column":null}}},"fnMap":{},"branchMap":{"0":{"loc":{"start":{"line":4,"column":6},"end":{"line":4,"column":58}},"type":"binary-expr","locations":[{"start":{"line":4,"column":6},"end":{"line":4,"column":39}},{"start":{"line":4,"column":39},"end":{"line":4,"column":58}}],"line":4},"1":{"loc":{"start":{"line":5,"column":11},"end":{"line":5,"column":null}},"type":"cond-expr","locations":[{"start":{"line":5,"column":71},"end":{"line":5,"column":80}},{"start":{"line":5,"column":80},"end":{"line":5,"column":null}}],"line":5},"2":{"loc":{"start":{"line":11,"column":2},"end":{"line":11,"column":null}},"type":"if","locations":[{"start":{"line":11,"column":2},"end":{"line":11,"column":null}},{"start":{},"end":{}}],"line":11},"3":{"loc":{"start":{"line":28,"column":2},"end":{"line":28,"column":null}},"type":"if","locations":[{"start":{"line":28,"column":2},"end":{"line":28,"column":null}},{"start":{},"end":{}}],"line":28},"4":{"loc":{"start":{"line":35,"column":10},"end":{"line":35,"column":51}},"type":"binary-expr","locations":[{"start":{"line":35,"column":10},"end":{"line":35,"column":32}},{"start":{"line":35,"column":32},"end":{"line":35,"column":51}}],"line":35}},"s":{"0":1,"1":0,"2":1,"3":0,"4":1,"5":1,"6":0,"7":0,"8":0,"9":1,"10":1,"11":1,"12":1,"13":0,"14":1,"15":0,"16":0,"17":1,"18":0},"f":{},"b":{"0":[1,1],"1":[0,1],"2":[0,1],"3":[0,1],"4":[0,0]},"meta":{"lastBranch":5,"lastFunction":0,"lastStatement":19,"seen":{"b:4:6:4:39:4:39:4:58":0,"s:5:4:5:Infinity":0,"b:5:71:5:80:5:80:5:Infinity":1,"s:7:2:7:Infinity":1,"b:11:2:11:Infinity:undefined:undefined:undefined:undefined":2,"s:11:2:11:Infinity":2,"s:11:39:11:Infinity":3,"s:13:15:13:Infinity":4,"s:14:15:14:Infinity":5,"s:17:4:17:Infinity":6,"s:18:4:18:Infinity":7,"s:19:4:19:Infinity":8,"s:21:4:21:Infinity":9,"s:22:4:22:Infinity":10,"s:23:4:23:Infinity":11,"b:28:2:28:Infinity:undefined:undefined:undefined:undefined":3,"s:28:2:28:Infinity":12,"s:28:37:28:Infinity":13,"s:32:18:32:68":14,"s:34:21:34:38":15,"b:35:10:35:32:35:32:35:51":4,"s:36:8:36:Infinity":16,"s:39:4:39:Infinity":17,"s:41:4:41:Infinity":18}}}
,"/Users/tomipoch/Documents/Nueva carpeta con elementos/Ultimo Semestre/Tesis/Proyecto/App/src/hooks/useAuth.ts": {"path":"/Users/tomipoch/Documents/Nueva carpeta con elementos/Ultimo Semestre/Tesis/Proyecto/App/src/hooks/useAuth.ts","statementMap":{"0":{"start":{"line":7,"column":8},"end":{"line":7,"column":41}},"1":{"start":{"line":9,"column":4},"end":{"line":9,"column":null}},"2":{"start":{"line":11,"column":2},"end":{"line":11,"column":null}}},"fnMap":{},"branchMap":{},"s":{"0":597,"1":2,"2":595},"f":{},"b":{},"meta":{"lastBranch":0,"lastFunction":0,"lastStatement":3,"seen":{"s:7:8:7:41":0,"s:9:4:9:Infinity":1,"s:11:2:11:Infinity":2}}}
,"/Users/tomipoch/Documents/Nueva carpeta con elementos/Ultimo Semestre/Tesis/Proyecto/App/src/hooks/useSessionTimeout.ts": {"path":"/Users/tomipoch/Documents/Nueva carpeta con elementos/Ultimo Semestre/Tesis/Proyecto/App/src/hooks/useSessionTimeout.ts","statementMap":{"0":{"start":{"line":11,"column":16},"end":{"line":11,"column":36}},"1":{"start":{"line":12,"column":8},"end":{"line":12,"column":32}},"2":{"start":{"line":13,"column":8},"end":{"line":13,"column":56}},"3":{"start":{"line":14,"column":8},"end":{"line":14,"column":63}},"4":{"start":{"line":15,"column":8},"end":{"line":15,"column":52}},"5":{"start":{"line":18,"column":25},"end":{"line":18,"column":null}},"6":{"start":{"line":19,"column":20},"end":{"line":19,"column":null}},"7":{"start":{"line":20,"column":20},"end":{"line":20,"column":null}},"8":{"start":{"line":22,"column":8},"end":{"line":26,"column":24}},"9":{"start":{"line":23,"column":4},"end":{"line":23,"column":null}},"10":{"start":{"line":24,"column":4},"end":{"line":24,"column":null}},"11":{"start":{"line":25,"column":4},"end":{"line":25,"column":null}},"12":{"start":{"line":28,"column":8},"end":{"line":33,"column":8}},"13":{"start":{"line":29,"column":4},"end":{"line":32,"column":null}},"14":{"start":{"line":35,"column":8},"end":{"line":53,"column":55}},"15":{"start":{"line":36,"column":4},"end":{"line":36,"column":null}},"16":{"start":{"line":40,"column":6},"end":{"line":40,"column":null}},"17":{"start":{"line":43,"column":6},"end":{"line":43,"column":null}},"18":{"start":{"line":48,"column":6},"end":{"line":48,"column":null}},"19":{"start":{"line":52,"column":4},"end":{"line":52,"column":null}},"20":{"start":{"line":55,"column":2},"end":{"line":96,"column":null}},"21":{"start":{"line":57,"column":4},"end":{"line":57,"column":null}},"22":{"start":{"line":57,"column":15},"end":{"line":57,"column":null}},"23":{"start":{"line":60,"column":19},"end":{"line":60,"column":null}},"24":{"start":{"line":63,"column":49},"end":{"line":63,"column":null}},"25":{"start":{"line":65,"column":6},"end":{"line":65,"column":null}},"26":{"start":{"line":65,"column":27},"end":{"line":65,"column":null}},"27":{"start":{"line":67,"column":6},"end":{"line":70,"column":null}},"28":{"start":{"line":68,"column":8},"end":{"line":68,"column":null}},"29":{"start":{"line":69,"column":8},"end":{"line":69,"column":null}},"30":{"start":{"line":74,"column":4},"end":{"line":76,"column":null}},"31":{"start":{"line":75,"column":6},"end":{"line":75,"column":null}},"32":{"start":{"line":79,"column":4},"end":{"line":79,"column":null}},"33":{"start":{"line":83,"column":6},"end":{"line":85,"column":null}},"34":{"start":{"line":84,"column":8},"end":{"line":84,"column":null}},"35":{"start":{"line":87,"column":8},"end":{"line":87,"column":null}},"36":{"start":{"line":90,"column":8},"end":{"line":90,"column":null}},"37":{"start":{"line":93,"column":8},"end":{"line":93,"column":null}},"38":{"start":{"line":98,"column":2},"end":{"line":102,"column":null}}},"fnMap":{"0":{"name":"(anonymous_0)","decl":{"start":{"line":22,"column":35},"end":{"line":22,"column":47}},"loc":{"start":{"line":22,"column":47},"end":{"line":26,"column":6}},"line":22},"1":{"name":"(anonymous_1)","decl":{"start":{"line":28,"column":22},"end":{"line":28,"column":40}},"loc":{"start":{"line":28,"column":40},"end":{"line":33,"column":7}},"line":28},"2":{"name":"(anonymous_2)","decl":{"start":{"line":35,"column":21},"end":{"line":35,"column":39}},"loc":{"start":{"line":35,"column":39},"end":{"line":53,"column":6}},"line":35},"3":{"name":"(anonymous_3)","decl":{"start":{"line":55,"column":2},"end":{"line":55,"column":18}},"loc":{"start":{"line":55,"column":18},"end":{"line":96,"column":6}},"line":55},"4":{"name":"(anonymous_4)","decl":{"start":{"line":67,"column":24},"end":{"line":67,"column":41}},"loc":{"start":{"line":67,"column":41},"end":{"line":70,"column":14}},"line":67},"5":{"name":"(anonymous_5)","decl":{"start":{"line":74,"column":11},"end":{"line":74,"column":20}},"loc":{"start":{"line":74,"column":30},"end":{"line":76,"column":null}},"line":74},"6":{"name":"(anonymous_6)","decl":{"start":{"line":83,"column":13},"end":{"line":83,"column":22}},"loc":{"start":{"line":83,"column":32},"end":{"line":85,"column":null}},"line":83}},"branchMap":{"0":{"loc":{"start":{"line":18,"column":25},"end":{"line":18,"column":null}},"type":"binary-expr","locations":[{"start":{"line":18,"column":25},"end":{"line":18,"column":69}},{"start":{"line":18,"column":69},"end":{"line":18,"column":null}}],"line":18},"1":{"loc":{"start":{"line":57,"column":4},"end":{"line":57,"column":null}},"type":"if","locations":[{"start":{"line":57,"column":4},"end":{"line":57,"column":null}},{"start":{},"end":{}}],"line":57},"2":{"loc":{"start":{"line":65,"column":6},"end":{"line":65,"column":null}},"type":"if","locations":[{"start":{"line":65,"column":6},"end":{"line":65,"column":null}},{"start":{},"end":{}}],"line":65}},"s":{"0":196,"1":196,"2":196,"3":196,"4":196,"5":196,"6":196,"7":196,"8":196,"9":0,"10":0,"11":0,"12":196,"13":0,"14":196,"15":22,"16":0,"17":0,"18":22,"19":22,"20":196,"21":22,"22":0,"23":22,"24":22,"25":203,"26":195,"27":8,"28":0,"29":0,"30":22,"31":132,"32":22,"33":22,"34":132,"35":22,"36":22,"37":8,"38":196},"f":{"0":0,"1":0,"2":22,"3":22,"4":0,"5":132,"6":132},"b":{"0":[196,196],"1":[0,22],"2":[195,8]},"meta":{"lastBranch":3,"lastFunction":7,"lastStatement":39,"seen":{"s:11:16:11:36":0,"s:12:8:12:32":1,"s:13:8:13:56":2,"s:14:8:14:63":3,"s:15:8:15:52":4,"s:18:25:18:Infinity":5,"b:18:25:18:69:18:69:18:Infinity":0,"s:19:20:19:Infinity":6,"s:20:20:20:Infinity":7,"s:22:8:26:24":8,"f:22:35:22:47":0,"s:23:4:23:Infinity":9,"s:24:4:24:Infinity":10,"s:25:4:25:Infinity":11,"s:28:8:33:8":12,"f:28:22:28:40":1,"s:29:4:32:Infinity":13,"s:35:8:53:55":14,"f:35:21:35:39":2,"s:36:4:36:Infinity":15,"s:40:6:40:Infinity":16,"s:43:6:43:Infinity":17,"s:48:6:48:Infinity":18,"s:52:4:52:Infinity":19,"s:55:2:96:Infinity":20,"f:55:2:55:18":3,"b:57:4:57:Infinity:undefined:undefined:undefined:undefined":1,"s:57:4:57:Infinity":21,"s:57:15:57:Infinity":22,"s:60:19:60:Infinity":23,"s:63:49:63:Infinity":24,"b:65:6:65:Infinity:undefined:undefined:undefined:undefined":2,"s:65:6:65:Infinity":25,"s:65:27:65:Infinity":26,"s:67:6:70:Infinity":27,"f:67:24:67:41":4,"s:68:8:68:Infinity":28,"s:69:8:69:Infinity":29,"s:74:4:76:Infinity":30,"f:74:11:74:20":5,"s:75:6:75:Infinity":31,"s:79:4:79:Infinity":32,"s:83:6:85:Infinity":33,"f:83:13:83:22":6,"s:84:8:84:Infinity":34,"s:87:8:87:Infinity":35,"s:90:8:90:Infinity":36,"s:93:8:93:Infinity":37,"s:98:2:102:Infinity":38}}}
,"/Users/tomipoch/Documents/Nueva carpeta con elementos/Ultimo Semestre/Tesis/Proyecto/App/src/pages/DashboardPage.tsx": {"path":"/Users/tomipoch/Documents/Nueva carpeta con elementos/Ultimo Semestre/Tesis/Proyecto/App/src/pages/DashboardPage.tsx","statementMap":{"0":{"start":{"line":10,"column":10},"end":{"line":10,"column":28}},"1":{"start":{"line":11,"column":25},"end":{"line":11,"column":65}},"2":{"start":{"line":12,"column":20},"end":{"line":12,"column":50}},"3":{"start":{"line":15,"column":2},"end":{"line":43,"column":null}},"4":{"start":{"line":19,"column":27},"end":{"line":19,"column":87}},"5":{"start":{"line":22,"column":31},"end":{"line":29,"column":15}},"6":{"start":{"line":22,"column":65},"end":{"line":29,"column":15}},"7":{"start":{"line":30,"column":12},"end":{"line":30,"column":null}},"8":{"start":{"line":33,"column":10},"end":{"line":33,"column":null}},"9":{"start":{"line":35,"column":10},"end":{"line":35,"column":null}},"10":{"start":{"line":38,"column":8},"end":{"line":38,"column":null}},"11":{"start":{"line":42,"column":4},"end":{"line":42,"column":null}},"12":{"start":{"line":45,"column":20},"end":{"line":46,"column":null}},"13":{"start":{"line":49,"column":22},"end":{"line":52,"column":null}},"14":{"start":{"line":54,"column":2},"end":{"line":291,"column":null}},"15":{"start":{"line":202,"column":18},"end":{"line":225,"column":null}}},"fnMap":{"0":{"name":"(anonymous_0)","decl":{"start":{"line":15,"column":2},"end":{"line":15,"column":18}},"loc":{"start":{"line":15,"column":18},"end":{"line":43,"column":6}},"line":15},"1":{"name":"(anonymous_1)","decl":{"start":{"line":22,"column":48},"end":{"line":22,"column":53}},"loc":{"start":{"line":22,"column":65},"end":{"line":29,"column":15}},"line":22},"2":{"name":"(anonymous_2)","decl":{"start":{"line":201,"column":32},"end":{"line":201,"column":37}},"loc":{"start":{"line":202,"column":18},"end":{"line":225,"column":null}},"line":202}},"branchMap":{"0":{"loc":{"start":{"line":20,"column":14},"end":{"line":20,"column":52}},"type":"binary-expr","locations":[{"start":{"line":20,"column":14},"end":{"line":20,"column":34}},{"start":{"line":20,"column":34},"end":{"line":20,"column":52}}],"line":20},"1":{"loc":{"start":{"line":23,"column":20},"end":{"line":23,"column":null}},"type":"cond-expr","locations":[{"start":{"line":23,"column":45},"end":{"line":23,"column":57}},{"start":{"line":23,"column":57},"end":{"line":23,"column":null}}],"line":23},"2":{"loc":{"start":{"line":25,"column":16},"end":{"line":27,"column":null}},"type":"cond-expr","locations":[{"start":{"line":26,"column":20},"end":{"line":26,"column":null}},{"start":{"line":27,"column":20},"end":{"line":27,"column":null}}],"line":25},"3":{"loc":{"start":{"line":46,"column":21},"end":{"line":46,"column":null}},"type":"cond-expr","locations":[{"start":{"line":46,"column":44},"end":{"line":46,"column":51}},{"start":{"line":46,"column":51},"end":{"line":46,"column":null}}],"line":46},"4":{"loc":{"start":{"line":58,"column":24},"end":{"line":58,"column":93}},"type":"binary-expr","locations":[{"start":{"line":58,"column":24},"end":{"line":58,"column":53}},{"start":{"line":58,"column":53},"end":{"line":58,"column":83}},{"start":{"line":58,"column":83},"end":{"line":58,"column":93}}],"line":58},"5":{"loc":{"start":{"line":61,"column":11},"end":{"line":63,"column":null}},"type":"cond-expr","locations":[{"start":{"line":62,"column":14},"end":{"line":62,"column":null}},{"start":{"line":63,"column":14},"end":{"line":63,"column":null}}],"line":61},"6":{"loc":{"start":{"line":75,"column":32},"end":{"line":75,"column":null}},"type":"cond-expr","locations":[{"start":{"line":75,"column":61},"end":{"line":75,"column":79}},{"start":{"line":75,"column":79},"end":{"line":75,"column":null}}],"line":75},"7":{"loc":{"start":{"line":79,"column":16},"end":{"line":81,"column":null}},"type":"cond-expr","locations":[{"start":{"line":80,"column":20},"end":{"line":80,"column":null}},{"start":{"line":81,"column":20},"end":{"line":81,"column":null}}],"line":79},"8":{"loc":{"start":{"line":87,"column":20},"end":{"line":89,"column":null}},"type":"cond-expr","locations":[{"start":{"line":88,"column":24},"end":{"line":88,"column":null}},{"start":{"line":89,"column":24},"end":{"line":89,"column":null}}],"line":87},"9":{"loc":{"start":{"line":94,"column":22},"end":{"line":96,"column":null}},"type":"cond-expr","locations":[{"start":{"line":95,"column":26},"end":{"line":95,"column":null}},{"start":{"line":96,"column":26},"end":{"line":96,"column":null}}],"line":94},"10":{"loc":{"start":{"line":102,"column":21},"end":{"line":104,"column":null}},"type":"cond-expr","locations":[{"start":{"line":103,"column":24},"end":{"line":103,"column":null}},{"start":{"line":104,"column":24},"end":{"line":104,"column":null}}],"line":102},"11":{"loc":{"start":{"line":108,"column":22},"end":{"line":110,"column":null}},"type":"cond-expr","locations":[{"start":{"line":109,"column":26},"end":{"line":109,"column":null}},{"start":{"line":110,"column":26},"end":{"line":110,"column":null}}],"line":108},"12":{"loc":{"start":{"line":113,"column":21},"end":{"line":115,"column":null}},"type":"cond-expr","locations":[{"start":{"line":114,"column":24},"end":{"line":114,"column":null}},{"start":{"line":115,"column":24},"end":{"line":115,"column":null}}],"line":113},"13":{"loc":{"start":{"line":124,"column":32},"end":{"line":124,"column":null}},"type":"cond-expr","locations":[{"start":{"line":124,"column":61},"end":{"line":124,"column":85}},{"start":{"line":124,"column":85},"end":{"line":124,"column":null}}],"line":124},"14":{"loc":{"start":{"line":128,"column":16},"end":{"line":130,"column":null}},"type":"cond-expr","locations":[{"start":{"line":129,"column":20},"end":{"line":129,"column":null}},{"start":{"line":130,"column":20},"end":{"line":130,"column":null}}],"line":128},"15":{"loc":{"start":{"line":136,"column":20},"end":{"line":138,"column":null}},"type":"cond-expr","locations":[{"start":{"line":137,"column":24},"end":{"line":137,"column":null}},{"start":{"line":138,"column":24},"end":{"line":138,"column":null}}],"line":136},"16":{"loc":{"start":{"line":143,"column":22},"end":{"line":145,"column":null}},"type":"cond-expr","locations":[{"start":{"line":144,"column":26},"end":{"line":144,"column":null}},{"start":{"line":145,"column":26},"end":{"line":145,"column":null}}],"line":143},"17":{"loc":{"start":{"line":155,"column":22},"end":{"line":157,"column":null}},"type":"cond-expr","locations":[{"start":{"line":156,"column":26},"end":{"line":156,"column":null}},{"start":{"line":157,"column":26},"end":{"line":157,"column":null}}],"line":155},"18":{"loc":{"start":{"line":160,"column":21},"end":{"line":162,"column":null}},"type":"cond-expr","locations":[{"start":{"line":161,"column":24},"end":{"line":161,"column":null}},{"start":{"line":162,"column":24},"end":{"line":162,"column":null}}],"line":160},"19":{"loc":{"start":{"line":192,"column":7},"end":{"line":230,"column":null}},"type":"binary-expr","locations":[{"start":{"line":192,"column":7},"end":{"line":192,"column":21}},{"start":{"line":192,"column":21},"end":{"line":192,"column":39}},{"start":{"line":192,"column":39},"end":{"line":192,"column":null}},{"start":{"line":193,"column":8},"end":{"line":230,"column":null}}],"line":192},"20":{"loc":{"start":{"line":198,"column":17},"end":{"line":198,"column":null}},"type":"cond-expr","locations":[{"start":{"line":198,"column":42},"end":{"line":198,"column":68}},{"start":{"line":198,"column":68},"end":{"line":198,"column":null}}],"line":198},"21":{"loc":{"start":{"line":209,"column":26},"end":{"line":213,"column":null}},"type":"cond-expr","locations":[{"start":{"line":210,"column":30},"end":{"line":210,"column":null}},{"start":{"line":211,"column":30},"end":{"line":213,"column":null}}],"line":209},"22":{"loc":{"start":{"line":211,"column":30},"end":{"line":213,"column":null}},"type":"cond-expr","locations":[{"start":{"line":212,"column":32},"end":{"line":212,"column":null}},{"start":{"line":213,"column":32},"end":{"line":213,"column":null}}],"line":211},"23":{"loc":{"start":{"line":234,"column":7},"end":{"line":261,"column":null}},"type":"binary-expr","locations":[{"start":{"line":234,"column":7},"end":{"line":234,"column":22}},{"start":{"line":234,"column":22},"end":{"line":234,"column":null}},{"start":{"line":235,"column":8},"end":{"line":261,"column":null}}],"line":234},"24":{"loc":{"start":{"line":247,"column":21},"end":{"line":247,"column":54}},"type":"binary-expr","locations":[{"start":{"line":247,"column":21},"end":{"line":247,"column":52}},{"start":{"line":247,"column":52},"end":{"line":247,"column":54}}],"line":247},"25":{"loc":{"start":{"line":255,"column":21},"end":{"line":255,"column":51}},"type":"binary-expr","locations":[{"start":{"line":255,"column":21},"end":{"line":255,"column":49}},{"start":{"line":255,"column":49},"end":{"line":255,"column":51}}],"line":255}},"s":{"0":19,"1":19,"2":19,"3":19,"4":10,"5":8,"6":2,"7":8,"8":1,"9":9,"10":0,"11":10,"12":19,"13":19,"14":19,"15":2},"f":{"0":10,"1":2,"2":2},"b":{"0":[8,8],"1":[1,1],"2":[1,1],"3":[4,15],"4":[19,0,0],"5":[2,17],"6":[15,4],"7":[4,15],"8":[4,15],"9":[4,15],"10":[4,15],"11":[4,15],"12":[4,15],"13":[15,4],"14":[4,15],"15":[4,15],"16":[4,15],"17":[4,15],"18":[4,15],"19":[19,9,9,1],"20":[0,1],"21":[1,1],"22":[0,1],"23":[19,19,2],"24":[2,0],"25":[2,0]},"meta":{"lastBranch":26,"lastFunction":3,"lastStatement":16,"seen":{"s:10:10:10:28":0,"s:11:25:11:65":1,"s:12:20:12:50":2,"s:15:2:43:Infinity":3,"f:15:2:15:18":0,"s:19:27:19:87":4,"b:20:14:20:34:20:34:20:52":0,"s:22:31:29:15":5,"f:22:48:22:53":1,"s:22:65:29:15":6,"b:23:45:23:57:23:57:23:Infinity":1,"b:26:20:26:Infinity:27:20:27:Infinity":2,"s:30:12:30:Infinity":7,"s:33:10:33:Infinity":8,"s:35:10:35:Infinity":9,"s:38:8:38:Infinity":10,"s:42:4:42:Infinity":11,"s:45:20:46:Infinity":12,"b:46:44:46:51:46:51:46:Infinity":3,"s:49:22:52:Infinity":13,"s:54:2:291:Infinity":14,"b:58:24:58:53:58:53:58:83:58:83:58:93":4,"b:62:14:62:Infinity:63:14:63:Infinity":5,"b:75:61:75:79:75:79:75:Infinity":6,"b:80:20:80:Infinity:81:20:81:Infinity":7,"b:88:24:88:Infinity:89:24:89:Infinity":8,"b:95:26:95:Infinity:96:26:96:Infinity":9,"b:103:24:103:Infinity:104:24:104:Infinity":10,"b:109:26:109:Infinity:110:26:110:Infinity":11,"b:114:24:114:Infinity:115:24:115:Infinity":12,"b:124:61:124:85:124:85:124:Infinity":13,"b:129:20:129:Infinity:130:20:130:Infinity":14,"b:137:24:137:Infinity:138:24:138:Infinity":15,"b:144:26:144:Infinity:145:26:145:Infinity":16,"b:156:26:156:Infinity:157:26:157:Infinity":17,"b:161:24:161:Infinity:162:24:162:Infinity":18,"b:192:7:192:21:192:21:192:39:192:39:192:Infinity:193:8:230:Infinity":19,"b:198:42:198:68:198:68:198:Infinity":20,"f:201:32:201:37":2,"s:202:18:225:Infinity":15,"b:210:30:210:Infinity:211:30:213:Infinity":21,"b:212:32:212:Infinity:213:32:213:Infinity":22,"b:234:7:234:22:234:22:234:Infinity:235:8:261:Infinity":23,"b:247:21:247:52:247:52:247:54":24,"b:255:21:255:49:255:49:255:51":25}}}
,"/Users/tomipoch/Documents/Nueva carpeta con elementos/Ultimo Semestre/Tesis/Proyecto/App/src/pages/ProfilePage.tsx": {"path":"/Users/tomipoch/Documents/Nueva carpeta con elementos/Ultimo Semestre/Tesis/Proyecto/App/src/pages/ProfilePage.tsx","statementMap":{"0":{"start":{"line":27,"column":16},"end":{"line":27,"column":41}},"1":{"start":{"line":28,"column":20},"end":{"line":28,"column":51}},"2":{"start":{"line":29,"column":20},"end":{"line":29,"column":51}},"3":{"start":{"line":30,"column":30},"end":{"line":30,"column":71}},"4":{"start":{"line":31,"column":30},"end":{"line":31,"column":71}},"5":{"start":{"line":32,"column":26},"end":{"line":32,"column":63}},"6":{"start":{"line":33,"column":30},"end":{"line":33,"column":71}},"7":{"start":{"line":35,"column":19},"end":{"line":40,"column":4}},"8":{"start":{"line":42,"column":23},"end":{"line":46,"column":4}},"9":{"start":{"line":48,"column":2},"end":{"line":62,"column":null}},"10":{"start":{"line":50,"column":28},"end":{"line":54,"column":null}},"11":{"start":{"line":55,"column":6},"end":{"line":60,"column":null}},"12":{"start":{"line":65,"column":4},"end":{"line":65,"column":null}},"13":{"start":{"line":65,"column":15},"end":{"line":65,"column":null}},"14":{"start":{"line":66,"column":18},"end":{"line":66,"column":33}},"15":{"start":{"line":68,"column":6},"end":{"line":68,"column":null}},"16":{"start":{"line":70,"column":4},"end":{"line":70,"column":null}},"17":{"start":{"line":75,"column":19},"end":{"line":75,"column":null}},"18":{"start":{"line":76,"column":19},"end":{"line":82,"column":null}},"19":{"start":{"line":84,"column":4},"end":{"line":84,"column":null}},"20":{"start":{"line":84,"column":23},"end":{"line":84,"column":null}},"21":{"start":{"line":85,"column":4},"end":{"line":85,"column":null}},"22":{"start":{"line":85,"column":26},"end":{"line":85,"column":null}},"23":{"start":{"line":86,"column":4},"end":{"line":86,"column":null}},"24":{"start":{"line":86,"column":26},"end":{"line":86,"column":null}},"25":{"start":{"line":87,"column":4},"end":{"line":87,"column":null}},"26":{"start":{"line":87,"column":23},"end":{"line":87,"column":null}},"27":{"start":{"line":88,"column":4},"end":{"line":88,"column":null}},"28":{"start":{"line":88,"column":24},"end":{"line":88,"column":null}},"29":{"start":{"line":90,"column":4},"end":{"line":90,"column":null}},"30":{"start":{"line":94,"column":4},"end":{"line":94,"column":null}},"31":{"start":{"line":94,"column":23},"end":{"line":94,"column":null}},"32":{"start":{"line":95,"column":4},"end":{"line":95,"column":null}},"33":{"start":{"line":95,"column":23},"end":{"line":95,"column":null}},"34":{"start":{"line":96,"column":4},"end":{"line":96,"column":null}},"35":{"start":{"line":99,"column":27},"end":{"line":99,"column":78}},"36":{"start":{"line":100,"column":23},"end":{"line":100,"column":66}},"37":{"start":{"line":103,"column":28},"end":{"line":103,"column":null}},"38":{"start":{"line":104,"column":4},"end":{"line":107,"column":null}},"39":{"start":{"line":104,"column":27},"end":{"line":107,"column":7}},"40":{"start":{"line":111,"column":28},"end":{"line":111,"column":null}},"41":{"start":{"line":112,"column":4},"end":{"line":115,"column":null}},"42":{"start":{"line":112,"column":31},"end":{"line":115,"column":7}},"43":{"start":{"line":119,"column":4},"end":{"line":119,"column":null}},"44":{"start":{"line":120,"column":4},"end":{"line":120,"column":null}},"45":{"start":{"line":123,"column":25},"end":{"line":127,"column":null}},"46":{"start":{"line":129,"column":23},"end":{"line":129,"column":66}},"47":{"start":{"line":132,"column":8},"end":{"line":132,"column":null}},"48":{"start":{"line":133,"column":8},"end":{"line":133,"column":null}},"49":{"start":{"line":135,"column":10},"end":{"line":135,"column":null}},"50":{"start":{"line":137,"column":10},"end":{"line":137,"column":null}},"51":{"start":{"line":140,"column":8},"end":{"line":142,"column":null}},"52":{"start":{"line":145,"column":6},"end":{"line":145,"column":null}},"53":{"start":{"line":146,"column":6},"end":{"line":146,"column":null}},"54":{"start":{"line":148,"column":6},"end":{"line":148,"column":null}},"55":{"start":{"line":153,"column":4},"end":{"line":153,"column":null}},"56":{"start":{"line":156,"column":6},"end":{"line":156,"column":null}},"57":{"start":{"line":157,"column":6},"end":{"line":157,"column":null}},"58":{"start":{"line":161,"column":6},"end":{"line":161,"column":null}},"59":{"start":{"line":162,"column":6},"end":{"line":162,"column":null}},"60":{"start":{"line":165,"column":4},"end":{"line":165,"column":null}},"61":{"start":{"line":167,"column":23},"end":{"line":169,"column":null}},"62":{"start":{"line":173,"column":8},"end":{"line":173,"column":null}},"63":{"start":{"line":174,"column":8},"end":{"line":178,"column":null}},"64":{"start":{"line":179,"column":8},"end":{"line":179,"column":null}},"65":{"start":{"line":181,"column":8},"end":{"line":181,"column":null}},"66":{"start":{"line":184,"column":6},"end":{"line":184,"column":null}},"67":{"start":{"line":185,"column":6},"end":{"line":185,"column":null}},"68":{"start":{"line":187,"column":6},"end":{"line":187,"column":null}},"69":{"start":{"line":191,"column":2},"end":{"line":609,"column":null}},"70":{"start":{"line":224,"column":33},"end":{"line":224,"column":57}},"71":{"start":{"line":368,"column":33},"end":{"line":368,"column":77}},"72":{"start":{"line":392,"column":39},"end":{"line":392,"column":83}},"73":{"start":{"line":420,"column":39},"end":{"line":420,"column":75}},"74":{"start":{"line":516,"column":39},"end":{"line":516,"column":83}}},"fnMap":{"0":{"name":"(anonymous_0)","decl":{"start":{"line":48,"column":2},"end":{"line":48,"column":18}},"loc":{"start":{"line":48,"column":18},"end":{"line":62,"column":6}},"line":48},"1":{"name":"(anonymous_1)","decl":{"start":{"line":104,"column":4},"end":{"line":104,"column":17}},"loc":{"start":{"line":104,"column":27},"end":{"line":107,"column":7}},"line":104},"2":{"name":"(anonymous_2)","decl":{"start":{"line":112,"column":4},"end":{"line":112,"column":21}},"loc":{"start":{"line":112,"column":31},"end":{"line":115,"column":7}},"line":112},"3":{"name":"(anonymous_3)","decl":{"start":{"line":224,"column":18},"end":{"line":224,"column":33}},"loc":{"start":{"line":224,"column":33},"end":{"line":224,"column":57}},"line":224},"4":{"name":"(anonymous_4)","decl":{"start":{"line":368,"column":18},"end":{"line":368,"column":33}},"loc":{"start":{"line":368,"column":33},"end":{"line":368,"column":77}},"line":368},"5":{"name":"(anonymous_5)","decl":{"start":{"line":392,"column":24},"end":{"line":392,"column":39}},"loc":{"start":{"line":392,"column":39},"end":{"line":392,"column":83}},"line":392},"6":{"name":"(anonymous_6)","decl":{"start":{"line":420,"column":24},"end":{"line":420,"column":39}},"loc":{"start":{"line":420,"column":39},"end":{"line":420,"column":75}},"line":420},"7":{"name":"(anonymous_7)","decl":{"start":{"line":516,"column":24},"end":{"line":516,"column":39}},"loc":{"start":{"line":516,"column":39},"end":{"line":516,"column":83}},"line":516}},"branchMap":{"0":{"loc":{"start":{"line":52,"column":20},"end":{"line":52,"column":null}},"type":"binary-expr","locations":[{"start":{"line":52,"column":20},"end":{"line":52,"column":40}},{"start":{"line":52,"column":40},"end":{"line":52,"column":69}},{"start":{"line":52,"column":69},"end":{"line":52,"column":null}}],"line":52},"1":{"loc":{"start":{"line":53,"column":19},"end":{"line":53,"column":null}},"type":"binary-expr","locations":[{"start":{"line":53,"column":19},"end":{"line":53,"column":38}},{"start":{"line":53,"column":38},"end":{"line":53,"column":79}},{"start":{"line":53,"column":83},"end":{"line":53,"column":null}}],"line":53},"2":{"loc":{"start":{"line":56,"column":19},"end":{"line":56,"column":null}},"type":"binary-expr","locations":[{"start":{"line":56,"column":19},"end":{"line":56,"column":47}},{"start":{"line":56,"column":47},"end":{"line":56,"column":null}}],"line":56},"3":{"loc":{"start":{"line":57,"column":18},"end":{"line":57,"column":null}},"type":"binary-expr","locations":[{"start":{"line":57,"column":18},"end":{"line":57,"column":45}},{"start":{"line":57,"column":45},"end":{"line":57,"column":null}}],"line":57},"4":{"loc":{"start":{"line":58,"column":15},"end":{"line":58,"column":null}},"type":"binary-expr","locations":[{"start":{"line":58,"column":15},"end":{"line":58,"column":38}},{"start":{"line":58,"column":38},"end":{"line":58,"column":null}}],"line":58},"5":{"loc":{"start":{"line":59,"column":17},"end":{"line":59,"column":null}},"type":"binary-expr","locations":[{"start":{"line":59,"column":17},"end":{"line":59,"column":42}},{"start":{"line":59,"column":42},"end":{"line":59,"column":null}}],"line":59},"6":{"loc":{"start":{"line":65,"column":4},"end":{"line":65,"column":null}},"type":"if","locations":[{"start":{"line":65,"column":4},"end":{"line":65,"column":null}},{"start":{},"end":{}}],"line":65},"7":{"loc":{"start":{"line":68,"column":16},"end":{"line":68,"column":38}},"type":"binary-expr","locations":[{"start":{"line":68,"column":16},"end":{"line":68,"column":33}},{"start":{"line":68,"column":33},"end":{"line":68,"column":38}}],"line":68},"8":{"loc":{"start":{"line":68,"column":38},"end":{"line":68,"column":60}},"type":"binary-expr","
[...]
t":{"line":348,"column":4},"end":{"line":348,"column":null}},"84":{"start":{"line":354,"column":6},"end":{"line":354,"column":null}},"85":{"start":{"line":356,"column":21},"end":{"line":356,"column":80}},"86":{"start":{"line":357,"column":4},"end":{"line":357,"column":null}},"87":{"start":{"line":362,"column":32},"end":{"line":390,"column":null}},"88":{"start":{"line":366,"column":6},"end":{"line":366,"column":null}},"89":{"start":{"line":369,"column":21},"end":{"line":369,"column":89}},"90":{"start":{"line":370,"column":19},"end":{"line":370,"column":null}},"91":{"start":{"line":371,"column":4},"end":{"line":374,"column":null}},"92":{"start":{"line":380,"column":6},"end":{"line":380,"column":null}},"93":{"start":{"line":383,"column":21},"end":{"line":383,"column":71}},"94":{"start":{"line":384,"column":19},"end":{"line":384,"column":null}},"95":{"start":{"line":385,"column":4},"end":{"line":388,"column":null}},"96":{"start":{"line":393,"column":29},"end":{"line":444,"column":null}},"97":{"start":{"line":402,"column":6},"end":{"line":402,"column":null}},"98":{"start":{"line":404,"column":19},"end":{"line":404,"column":40}},"99":{"start":{"line":405,"column":4},"end":{"line":405,"column":null}},"100":{"start":{"line":405,"column":20},"end":{"line":405,"column":null}},"101":{"start":{"line":406,"column":4},"end":{"line":406,"column":null}},"102":{"start":{"line":407,"column":4},"end":{"line":407,"column":null}},"103":{"start":{"line":408,"column":21},"end":{"line":408,"column":82}},"104":{"start":{"line":409,"column":4},"end":{"line":409,"column":null}},"105":{"start":{"line":416,"column":6},"end":{"line":416,"column":null}},"106":{"start":{"line":418,"column":21},"end":{"line":418,"column":86}},"107":{"start":{"line":419,"column":4},"end":{"line":419,"column":null}},"108":{"start":{"line":428,"column":6},"end":{"line":428,"column":null}},"109":{"start":{"line":430,"column":21},"end":{"line":431,"column":null}},"110":{"start":{"line":433,"column":4},"end":{"line":433,"column":null}},"111":{"start":{"line":439,"column":6},"end":{"line":439,"column":null}},"112":{"start":{"line":441,"column":21},"end":{"line":441,"column":89}},"113":{"start":{"line":442,"column":4},"end":{"line":442,"column":null}}},"fnMap":{},"branchMap":{"0":{"loc":{"start":{"line":107,"column":30},"end":{"line":107,"column":67}},"type":"binary-expr","locations":[{"start":{"line":107,"column":30},"end":{"line":107,"column":58}},{"start":{"line":107,"column":62},"end":{"line":107,"column":67}}],"line":107},"1":{"loc":{"start":{"line":138,"column":37},"end":{"line":138,"column":74}},"type":"binary-expr","locations":[{"start":{"line":138,"column":37},"end":{"line":138,"column":65}},{"start":{"line":138,"column":69},"end":{"line":138,"column":74}}],"line":138},"2":{"loc":{"start":{"line":173,"column":38},"end":{"line":173,"column":91}},"type":"binary-expr","locations":[{"start":{"line":173,"column":38},"end":{"line":173,"column":64}},{"start":{"line":173,"column":64},"end":{"line":173,"column":91}}],"line":173},"3":{"loc":{"start":{"line":175,"column":27},"end":{"line":175,"column":null}},"type":"binary-expr","locations":[{"start":{"line":175,"column":27},"end":{"line":175,"column":59}},{"start":{"line":175,"column":59},"end":{"line":175,"column":null}}],"line":175},"4":{"loc":{"start":{"line":290,"column":49},"end":{"line":290,"column":78}},"type":"default-arg","locations":[{"start":{"line":290,"column":57},"end":{"line":290,"column":78}}],"line":290},"5":{"loc":{"start":{"line":314,"column":19},"end":{"line":314,"column":29}},"type":"default-arg","locations":[{"start":{"line":314,"column":26},"end":{"line":314,"column":29}}],"line":314},"6":{"loc":{"start":{"line":314,"column":29},"end":{"line":314,"column":78}},"type":"default-arg","locations":[{"start":{"line":314,"column":37},"end":{"line":314,"column":78}}],"line":314},"7":{"loc":{"start":{"line":352,"column":28},"end":{"line":352,"column":64}},"type":"default-arg","locations":[{"start":{"line":352,"column":36},"end":{"line":352,"column":64}}],"line":352},"8":{"loc":{"start":{"line":397,"column":4},"end":{"line":397,"column":null}},"type":"default-arg","locations":[{"start":{"line":397,"column":23},"end":{"line":397,"column":null}}],"line":397},"9":{"loc":{"start":{"line":398,"column":4},"end":{"line":398,"column":null}},"type":"default-arg","locations":[{"start":{"line":398,"column":20},"end":{"line":398,"column":null}}],"line":398},"10":{"loc":{"start":{"line":405,"column":4},"end":{"line":405,"column":null}},"type":"if","locations":[{"start":{"line":405,"column":4},"end":{"line":405,"column":null}},{"start":{},"end":{}}],"line":405},"11":{"loc":{"start":{"line":413,"column":19},"end":{"line":413,"column":69}},"type":"default-arg","locations":[{"start":{"line":413,"column":38},"end":{"line":413,"column":69}}],"line":413}},"s":{"0":5,"1":5,"2":0,"3":2,"4":1,"5":0,"6":1,"7":1,"8":0,"9":0,"10":0,"11":1,"12":1,"13":1,"14":1,"15":0,"16":0,"17":1,"18":1,"19":0,"20":0,"21":0,"22":0,"23":0,"24":0,"25":0,"26":0,"27":0,"28":1,"29":1,"30":0,"31":0,"32":2,"33":1,"34":1,"35":0,"36":0,"37":5,"38":0,"39":1,"40":1,"41":0,"42":1,"43":1,"44":1,"45":1,"46":1,"47":1,"48":0,"49":1,"50":1,"51":0,"52":1,"53":1,"54":5,"55":0,"56":1,"57":1,"58":0,"59":1,"60":1,"61":1,"62":1,"63":1,"64":1,"65":0,"66":1,"67":1,"68":0,"69":1,"70":1,"71":5,"72":0,"73":1,"74":1,"75":0,"76":1,"77":1,"78":0,"79":1,"80":1,"81":0,"82":1,"83":1,"84":0,"85":1,"86":1,"87":5,"88":0,"89":1,"90":1,"91":1,"92":0,"93":1,"94":1,"95":1,"96":5,"97":0,"98":1,"99":1,"100":1,"101":1,"102":1,"103":1,"104":1,"105":0,"106":1,"107":1,"108":0,"109":1,"110":1,"111":0,"112":1,"113":1},"f":{},"b":{"0":[0,0],"1":[0,0],"2":[1,0],"3":[0,0],"4":[1],"5":[1],"6":[1],"7":[1],"8":[1],"9":[1],"10":[1,0],"11":[1]},"meta":{"lastBranch":12,"lastFunction":0,"lastStatement":114,"seen":{"s:18:19:18:Infinity":0,"s:71:27:179:Infinity":1,"s:75:6:75:Infinity":2,"s:77:21:77:77":3,"s:78:4:78:Infinity":4,"s:84:6:84:Infinity":5,"s:86:21:86:77":6,"s:87:4:87:Infinity":7,"s:94:6:94:Infinity":8,"s:95:6:95:Infinity":9,"s:96:6:96:Infinity":10,"s:98:21:98:85":11,"s:99:4:99:Infinity":12,"s:100:4:100:Infinity":13,"s:101:4:101:Infinity":14,"s:107:19:107:67":15,"b:107:30:107:58:107:62:107:67":0,"s:108:6:108:Infinity":16,"s:110:21:110:70":17,"s:111:4:111:Infinity":18,"s:116:25:116:54":19,"s:119:6:119:Infinity":20,"s:122:21:124:6":21,"s:128:6:128:Infinity":22,"s:131:4:131:Infinity":23,"s:138:26:138:74":24,"b:138:37:138:65:138:69:138:74":1,"s:139:26:139:Infinity":25,"s:140:6:140:Infinity":26,"s:141:6:141:Infinity":27,"s:143:21:143:69":28,"s:148:6:148:Infinity":29,"s:150:4:150:Infinity":30,"s:160:6:160:Infinity":31,"s:164:23:167:8":32,"s:170:8:170:Infinity":33,"s:173:6:173:Infinity":34,"b:173:38:173:64:173:64:173:91":2,"s:175:27:175:Infinity":35,"b:175:27:175:59:175:59:175:Infinity":3,"s:176:6:176:Infinity":36,"s:182:33:239:Infinity":37,"s:186:6:186:Infinity":38,"s:188:21:190:6":39,"s:191:4:191:Infinity":40,"s:201:6:201:Infinity":41,"s:204:21:204:35":42,"s:205:4:205:Infinity":43,"s:206:4:206:Infinity":44,"s:207:4:207:Infinity":45,"s:209:21:213:6":46,"s:214:4:214:Infinity":47,"s:220:6:220:Infinity":48,"s:222:21:223:Infinity":49,"s:225:4:225:Infinity":50,"s:232:6:232:Infinity":51,"s:234:21:235:Infinity":52,"s:237:4:237:Infinity":53,"s:242:35:309:Infinity":54,"s:246:6:246:Infinity":55,"s:248:21:250:6":56,"s:251:4:251:Infinity":57,"s:261:6:261:Infinity":58,"s:264:21:264:35":59,"s:265:4:265:Infinity":60,"s:266:4:266:Infinity":61,"s:267:4:267:Infinity":62,"s:269:21:273:6":63,"s:274:4:274:Infinity":64,"s:281:6:281:Infinity":65,"s:283:21:284:Infinity":66,"s:286:4:286:Infinity":67,"b:290:57:290:78":4,"s:292:6:304:Infinity":68,"s:306:21:306:89":69,"s:307:4:307:Infinity":70,"s:312:28:359:Infinity":71,"b:314:26:314:29":5,"b:314:37:314:78":6,"s:316:6:316:Infinity":72,"s:318:21:319:Infinity":73,"s:321:4:321:Infinity":74,"s:327:6:327:Infinity":75,"s:329:21:329:66":76,"s:330:4:330:Infinity":77,"s:336:6:336:Infinity":78,"s:338:21:338:97":79,"s:339:4:339:Infinity":80,"s:345:6:345:Infinity":81,"s:347:21:347:91":82,"s:348:4:348:Infinity":83,"b:352:36:352:64":7,"s:354:6:354:Infinity":84,"s:356:21:356:80":85,"s:357:4:357:Infinity":86,"s:362:32:390:Infinity":87,"s:366:6:366:Infinity":88,"s:369:21:369:89":89,"s:370:19:370:Infinity":90,"s:371:4:374:Infinity":91,"s:380:6:380:Infinity":92,"s:383:21:383:71":93,"s:384:19:384:Infinity":94,"s:385:4:388:Infinity":95,"s:393:29:444:Infinity":96,"b:397:23:397:Infinity":8,"b:398:20:398:Infinity":9,"s:402:6:402:Infinity":97,"s:404:19:404:40":98,"b:405:4:405:Infinity:undefined:undefined:undefined:undefined":10,"s:405:4:405:Infinity":99,"s:405:20:405:Infinity":100,"s:406:4:406:Infinity":101,"s:407:4:407:Infinity":102,"s:408:21:408:82":103,"s:409:4:409:Infinity":104,"b:413:38:413:69":11,"s:416:6:416:Infinity":105,"s:418:21:418:86":106,"s:419:4:419:Infinity":107,"s:428:6:428:Infinity":108,"s:430:21:431:Infinity":109,"s:433:4:433:Infinity":110,"s:439:6:439:Infinity":111,"s:441:21:441:89":112,"s:442:4:442:Infinity":113}}}
,"/Users/tomipoch/Documents/Nueva carpeta con elementos/Ultimo Semestre/Tesis/Proyecto/App/src/services/storage.ts": {"path":"/Users/tomipoch/Documents/Nueva carpeta con elementos/Ultimo Semestre/Tesis/Proyecto/App/src/services/storage.ts","statementMap":{"0":{"start":{"line":19,"column":30},"end":{"line":189,"column":null}},"1":{"start":{"line":24,"column":4},"end":{"line":24,"column":null}},"2":{"start":{"line":32,"column":22},"end":{"line":32,"column":38}},"3":{"start":{"line":33,"column":30},"end":{"line":33,"column":51}},"4":{"start":{"line":34,"column":6},"end":{"line":34,"column":null}},"5":{"start":{"line":37,"column":8},"end":{"line":37,"column":null}},"6":{"start":{"line":39,"column":6},"end":{"line":39,"column":null}},"7":{"start":{"line":41,"column":6},"end":{"line":41,"column":null}},"8":{"start":{"line":42,"column":6},"end":{"line":42,"column":null}},"9":{"start":{"line":51,"column":22},"end":{"line":51,"column":38}},"10":{"start":{"line":52,"column":19},"end":{"line":52,"column":48}},"11":{"start":{"line":55,"column":8},"end":{"line":55,"column":null}},"12":{"start":{"line":58,"column":21},"end":{"line":58,"column":37}},"13":{"start":{"line":61,"column":8},"end":{"line":61,"column":null}},"14":{"start":{"line":64,"column":6},"end":{"line":64,"column":null}},"15":{"start":{"line":66,"column":6},"end":{"line":66,"column":null}},"16":{"start":{"line":67,"column":6},"end":{"line":67,"column":null}},"17":{"start":{"line":76,"column":22},"end":{"line":76,"column":38}},"18":{"start":{"line":77,"column":6},"end":{"line":77,"column":null}},"19":{"start":{"line":80,"column":8},"end":{"line":80,"column":null}},"20":{"start":{"line":82,"column":6},"end":{"line":82,"column":null}},"21":{"start":{"line":84,"column":6},"end":{"line":84,"column":null}},"22":{"start":{"line":85,"column":6},"end":{"line":85,"column":null}},"23":{"start":{"line":94,"column":19},"end":{"line":94,"column":44}},"24":{"start":{"line":95,"column":25},"end":{"line":95,"column":87}},"25":{"start":{"line":95,"column":46},"end":{"line":95,"column":86}},"26":{"start":{"line":97,"column":6},"end":{"line":99,"column":null}},"27":{"start":{"line":98,"column":8},"end":{"line":98,"column":null}},"28":{"start":{"line":102,"column":8},"end":{"line":102,"column":null}},"29":{"start":{"line":104,"column":6},"end":{"line":104,"column":null}},"30":{"start":{"line":106,"column":6},"end":{"line":106,"column":null}},"31":{"start":{"line":107,"column":6},"end":{"line":107,"column":null}},"32":{"start":{"line":115,"column":20},"end":{"line":115,"column":36}},"33":{"start":{"line":116,"column":4},"end":{"line":116,"column":null}},"34":{"start":{"line":123,"column":17},"end":{"line":123,"column":42}},"35":{"start":{"line":124,"column":4},"end":{"line":126,"column":null}},"36":{"start":{"line":125,"column":23},"end":{"line":125,"column":63}},"37":{"start":{"line":126,"column":20},"end":{"line":126,"column":61}},"38":{"start":{"line":133,"column":20},"end":{"line":133,"column":37}},"39":{"start":{"line":134,"column":22},"end":{"line":137,"column":9}},"40":{"start":{"line":135,"column":20},"end":{"line":135,"column":37}},"41":{"start":{"line":136,"column":6},"end":{"line":136,"column":null}},"42":{"start":{"line":139,"column":4},"end":{"line":144,"column":null}},"43":{"start":{"line":152,"column":19},"end":{"line":152,"column":44}},"44":{"start":{"line":153,"column":22},"end":{"line":153,"column":69}},"45":{"start":{"line":153,"column":43},"end":{"line":153,"column":68}},"46":{"start":{"line":155,"column":21},"end":{"line":155,"column":null}},"47":{"start":{"line":156,"column":6},"end":{"line":164,"column":null}},"48":{"start":{"line":157,"column":22},"end":{"line":157,"column":50}},"49":{"start":{"line":159,"column":25},"end":{"line":159,"column":76}},"50":{"start":{"line":160,"column":10},"end":{"line":160,"column":null}},"51":{"start":{"line":161,"column":10},"end":{"line":161,"column":null}},"52":{"start":{"line":162,"column":10},"end":{"line":162,"column":null}},"53":{"start":{"line":166,"column":6},"end":{"line":168,"column":null}},"54":{"start":{"line":169,"column":6},"end":{"line":169,"column":null}},"55":{"start":{"line":171,"column":6},"end":{"line":171,"column":null}},"56":{"start":{"line":172,"column":6},"end":{"line":172,"column":null}},"57":{"start":{"line":180,"column":4},"end":{"line":180,"column":null}},"58":{"start":{"line":187,"column":4},"end":{"line":187,"column":null}},"59":{"start":{"line":194,"column":27},"end":{"line":253,"column":null}},"60":{"start":{"line":199,"column":4},"end":{"line":199,"column":null}},"61":{"start":{"line":206,"column":4},"end":{"line":206,"column":null}},"62":{"start":{"line":213,"column":4},"end":{"line":213,"column":null}},"63":{"start":{"line":220,"column":4},"end":{"line":220,"column":null}},"64":{"start":{"line":227,"column":4},"end":{"line":227,"column":null}},"65":{"start":{"line":234,"column":4},"end":{"line":234,"column":null}},"66":{"start":{"line":241,"column":21},"end":{"line":241,"column":null}},"67":{"start":{"line":242,"column":4},"end":{"line":244,"column":null}},"68":{"start":{"line":243,"column":6},"end":{"line":243,"column":null}},"69":{"start":{"line":251,"column":4},"end":{"line":251,"column":null}}},"fnMap":{"0":{"name":"(anonymous_0)","decl":{"start":{"line":95,"column":30},"end":{"line":95,"column":38}},"loc":{"start":{"line":95,"column":46},"end":{"line":95,"column":86}},"line":95},"1":{"name":"(anonymous_1)","decl":{"start":{"line":97,"column":17},"end":{"line":97,"column":26}},"loc":{"start":{"line":97,"column":34},"end":{"line":99,"column":null}},"line":97},"2":{"name":"(anonymous_2)","decl":{"start":{"line":125,"column":7},"end":{"line":125,"column":15}},"loc":{"start":{"line":125,"column":23},"end":{"line":125,"column":63}},"line":125},"3":{"name":"(anonymous_3)","decl":{"start":{"line":126,"column":7},"end":{"line":126,"column":12}},"loc":{"start":{"line":126,"column":20},"end":{"line":126,"column":61}},"line":126},"4":{"name":"(anonymous_4)","decl":{"start":{"line":134,"column":30},"end":{"line":134,"column":38}},"loc":{"start":{"line":134,"column":52},"end":{"line":137,"column":9}},"line":134},"5":{"name":"(anonymous_5)","decl":{"start":{"line":153,"column":27},"end":{"line":153,"column":35}},"loc":{"start":{"line":153,"column":43},"end":{"line":153,"column":68}},"line":153},"6":{"name":"(anonymous_6)","decl":{"start":{"line":156,"column":14},"end":{"line":156,"column":23}},"loc":{"start":{"line":156,"column":34},"end":{"line":164,"column":null}},"line":156},"7":{"name":"(anonymous_7)","decl":{"start":{"line":242,"column":13},"end":{"line":242,"column":22}},"loc":{"start":{"line":242,"column":30},"end":{"line":244,"column":null}},"line":242}},"branchMap":{"0":{"loc":{"start":{"line":36,"column":10},"end":{"line":36,"column":51}},"type":"binary-expr","locations":[{"start":{"line":36,"column":10},"end":{"line":36,"column":34}},{"start":{"line":36,"column":34},"end":{"line":36,"column":51}}],"line":36},"1":{"loc":{"start":{"line":54,"column":10},"end":{"line":54,"column":60}},"type":"binary-expr","locations":[{"start":{"line":54,"column":10},"end":{"line":54,"column":19}},{"start":{"line":54,"column":19},"end":{"line":54,"column":43}},{"start":{"line":54,"column":43},"end":{"line":54,"column":60}}],"line":54},"2":{"loc":{"start":{"line":60,"column":10},"end":{"line":60,"column":51}},"type":"binary-expr","locations":[{"start":{"line":60,"column":10},"end":{"line":60,"column":34}},{"start":{"line":60,"column":34},"end":{"line":60,"column":51}}],"line":60},"3":{"loc":{"start":{"line":79,"column":10},"end":{"line":79,"column":51}},"type":"binary-expr","locations":[{"start":{"line":79,"column":10},"end":{"line":79,"column":34}},{"start":{"line":79,"column":34},"end":{"line":79,"column":51}}],"line":79},"4":{"loc":{"start":{"line":101,"column":10},"end":{"line":101,"column":51}},"type":"binary-expr","locations":[{"start":{"line":101,"column":10},"end":{"line":101,"column":34}},{"start":{"line":101,"column":34},"end":{"line":101,"column":51}}],"line":101},"5":{"loc":{"start":{"line":251,"column":14},"end":{"line":251,"column":53}},"type":"binary-expr","locations":[{"start":{"line":251,"column":14},"end":{"line":251,"column":35}},{"start":{"line":251,"column":39},"end":{"line":251,"column":53}}],"line":251}},"s":{"0":6,"1":41,"2":14,"3":14,"4":14,"5":14,"6":14,"7":0,"8":0,"9":23,"10":23,"11":16,"12":7,"13":7,"14":7,"15":0,"16":0,"17":4,"18":4,"19":4,"20":4,"21":0,"22":0,"23":1,"24":1,"25":9,"26":1,"27":2,"28":1,"29":1,"30":0,"31":0,"32":0,"33":0,"34":0,"35":0,"36":0,"37":0,"38":0,"39":0,"40":0,"41":0,"42":0,"43":0,"44":0,"45":0,"46":0,"47":0,"48":0,"49":0,"50":0,"51":0,"52":0,"53":0,"54":0,"55":0,"56":0,"57":0,"58":1,"59":6,"60":4,"61":8,"62":2,"63":3,"64":4,"65":6,"66":1,"67":1,"68":3,"69":4},"f":{"0":9,"1":2,"2":0,"3":0,"4":0,"5":0,"6":0,"7":3},"b":{"0":[14,14],"1":[23,7,7],"2":[7,7],"3":[4,4],"4":[1,1],"5":[4,2]},"meta":{"lastBranch":6,"lastFunction":8,"lastStatement":70,"seen":{"s:19:30:189:Infinity":0,"s:24:4:24:Infinity":1,"s:32:22:32:38":2,"s:33:30:33:51":3,"s:34:6:34:Infinity":4,"b:36:10:36:34:36:34:36:51":0,"s:37:8:37:Infinity":5,"s:39:6:39:Infinity":6,"s:41:6:41:Infinity":7,"s:42:6:42:Infinity":8,"s:51:22:51:38":9,"s:52:19:52:48":10,"b:54:10:54:19:54:19:54:43:54:43:54:60":1,"s:55:8:55:Infinity":11,"s:58:21:58:37":12,"b:60:10:60:34:60:34:60:51":2,"s:61:8:61:Infinity":13,"s:64:6:64:Infinity":14,"s:66:6:66:Infinity":15,"s:67:6:67:Infinity":16,"s:76:22:76:38":17,"s:77:6:77:Infinity":18,"b:79:10:79:34:79:34:79:51":3,"s:80:8:80:Infinity":19,"s:82:6:82:Infinity":20,"s:84:6:84:Infinity":21,"s:85:6:85:Infinity":22,"s:94:19:94:44":23,"s:95:25:95:87":24,"f:95:30:95:38":0,"s:95:46:95:86":25,"s:97:6:99:Infinity":26,"f:97:17:97:26":1,"s:98:8:98:Infinity":27,"b:101:10:101:34:101:34:101:51":4,"s:102:8:102:Infinity":28,"s:104:6:104:Infinity":29,"s:106:6:106:Infinity":30,"s:107:6:107:Infinity":31,"s:115:20:115:36":32,"s:116:4:116:Infinity":33,"s:123:17:123:42":34,"s:124:4:126:Infinity":35,"f:125:7:125:15":2,"s:125:23:125:63":36,"f:126:7:126:12":3,"s:126:20:126:61":37,"s:133:20:133:37":38,"s:134:22:137:9":39,"f:134:30:134:38":4,"s:135:20:135:37":40,"s:136:6:136:Infinity":41,"s:139:4:144:Infinity":42,"s:152:19:152:44":43,"s:153:22:153:69":44,"f:153:27:153:35":5,"s:153:43:153:68":45,"s:155:21:155:Infinity":46,"s:156:6:164:Infinity":47,"f:156:14:156:23":6,"s:157:22:157:50":48,"s:159:25:159:76":49,"s:160:10:160:Infinity":50,"s:161:10:161:Infinity":51,"s:162:10:162:Infinity":52,"s:166:6:168:Infinity":53,"s:169:6:169:Infinity":54,"s:171:6:171:Infinity":55,"s:172:6:172:Infinity":56,"s:180:4:180:Infinity":57,"s:187:4:187:Infinity":58,"s:194:27:253:Infinity":59,"s:199:4:199:Infinity":60,"s:206:4:206:Infinity":61,"s:213:4:213:Infinity":62,"s:220:4:220:Infinity":63,"s:227:4:227:Infinity":64,"s:234:4:234:Infinity":65,"s:241:21:241:Infinity":66,"s:242:4:244:Infinity":67,"f:242:13:242:22":7,"s:243:6:243:Infinity":68,"s:251:4:251:Infinity":69,"b:251:14:251:35:251:39:251:53":5}}}
}
