TN:
SF:src/components/ui/Button.tsx
FNF:0
FNH:0
DA:31,510
DA:33,510
DA:52,510
DA:59,510
DA:61,510
DA:69,510
LF:6
LH:6
BRDA:23,0,0,510
BRDA:24,1,0,510
BRDA:25,2,0,510
BRDA:26,3,0,510
BRDA:27,4,0,510
BRDA:59,5,0,6
BRDA:59,5,1,504
BRDA:59,6,0,510
BRDA:59,6,1,505
BRDA:70,7,0,510
BRDA:70,7,1,505
BRDA:71,8,0,1
BRDA:71,8,1,509
BRF:13
BRH:13
end_of_record
TN:
SF:src/components/ui/Card.tsx
FNF:0
FNH:0
DA:17,715
DA:19,715
DA:28,715
DA:30,715
DA:38,0
DA:40,0
DA:48,0
DA:53,0
DA:61,0
DA:68,3
DA:69,3
DA:70,3
LF:12
LH:7
BRDA:15,0,0,715
BRDA:15,1,0,715
BRDA:37,2,0,0
BRDA:47,3,0,0
BRDA:60,4,0,0
BRF:5
BRH:2
end_of_record
TN:
SF:src/components/ui/ErrorBoundary.tsx
FN:94,(anonymous_0)
FNF:1
FNH:0
FNDA:0,(anonymous_0)
DA:17,10
DA:22,8
DA:26,4
DA:29,4
DA:30,0
DA:34,4
DA:40,4
DA:49,1
DA:54,8
DA:55,0
DA:58,8
DA:94,0
DA:107,10
LF:13
LH:10
BRDA:29,0,0,0
BRDA:29,0,1,4
BRDA:54,1,0,0
BRDA:54,1,1,8
BRDA:72,2,0,8
BRDA:72,2,1,0
BRDA:75,3,0,8
BRDA:75,3,1,0
BRDA:75,3,2,0
BRF:9
BRH:4
end_of_record
TN:
SF:src/components/ui/Input.tsx
FNF:0
FNH:0
DA:13,11
DA:21,11
DA:22,11
DA:24,11
LF:4
LH:4
BRDA:12,0,0,11
BRDA:12,1,0,11
BRDA:15,2,0,1
BRDA:15,2,1,10
BRDA:26,3,0,11
BRDA:26,3,1,2
BRF:6
BRH:6
end_of_record
TN:
SF:src/components/ui/MainLayout.tsx
FNF:0
FNH:0
DA:11,196
DA:13,196
LF:2
LH:2
BRF:0
BRH:0
end_of_record
TN:
SF:src/components/ui/Modal.tsx
FN:22,(anonymous_0)
FN:74,(anonymous_1)
FNF:2
FNH:1
FNDA:5,(anonymous_0)
FNDA:0,(anonymous_1)
DA:22,5
DA:25,1
DA:30,4
DA:31,4
DA:35,5
DA:36,5
DA:40,5
DA:42,4
DA:49,4
DA:74,0
LF:10
LH:9
BRDA:18,0,0,5
BRDA:19,1,0,5
BRDA:40,2,0,1
BRDA:40,2,1,4
BRDA:72,3,0,4
BRDA:72,3,1,0
BRDA:106,4,0,5
BRDA:106,4,1,4
BRDA:122,5,0,4
BRDA:122,5,1,0
BRF:10
BRH:8
end_of_record
TN:
SF:src/components/ui/Sidebar.tsx
FNF:0
FNH:0
DA:6,196
DA:7,196
DA:8,196
DA:11,0
DA:12,0
DA:17,196
DA:67,196
DA:122,590
DA:123,590
DA:125,590
LF:10
LH:8
BRDA:17,0,0,194
BRDA:17,0,1,2
BRDA:88,1,0,196
BRDA:88,1,1,196
BRDA:88,1,2,196
BRDA:95,2,0,196
BRDA:95,2,1,196
BRDA:101,3,0,0
BRDA:101,3,1,196
BRDA:103,4,0,2
BRDA:103,4,1,194
BRDA:108,5,0,0
BRDA:108,5,1,196
BRDA:110,6,0,2
BRDA:110,6,1,194
BRDA:130,7,0,0
BRDA:130,7,1,590
BRF:17
BRH:14
end_of_record
TN:
SF:src/config/environment.ts
FNF:0
FNH:0
DA:7,6
DA:19,216
DA:26,90
DA:27,90
DA:28,72
DA:35,48
DA:36,48
DA:37,48
DA:44,6
DA:45,6
DA:48,6
DA:53,0
DA:56,0
DA:58,6
DA:63,6
DA:66,6
DA:67,6
DA:68,6
DA:79,6
DA:95,6
DA:113,6
DA:131,6
DA:153,6
DA:173,6
DA:184,6
DA:192,6
DA:195,26
DA:200,0
DA:205,0
DA:210,0
DA:220,0
DA:229,0
DA:256,6
LF:33
LH:26
BRDA:18,0,0,216
BRDA:19,1,0,216
BRDA:19,1,1,54
BRDA:25,2,0,90
BRDA:27,3,0,18
BRDA:27,3,1,72
BRDA:28,4,0,72
BRDA:28,4,1,6
BRDA:34,5,0,48
BRDA:37,6,0,6
BRDA:37,6,1,42
BRDA:44,7,0,6
BRDA:44,7,1,0
BRDA:44,7,2,0
BRDA:45,8,0,6
BRDA:45,8,1,0
BRDA:48,9,0,6
BRDA:48,9,1,0
BRDA:48,9,2,0
BRDA:96,10,0,6
BRDA:96,10,1,0
BRDA:194,11,0,26
BRDA:194,11,1,26
BRDA:219,12,0,0
BRDA:219,12,1,0
BRF:25
BRH:17
end_of_record
TN:
SF:src/context/AuthContext.tsx
FN:94,(anonymous_0)
FN:172,(anonymous_1)
FN:175,(anonymous_2)
FN:187,(anonymous_3)
FN:211,(anonymous_4)
FNF:5
FNH:2
FNDA:1,(anonymous_0)
FNDA:0,(anonymous_1)
FNDA:0,(anonymous_2)
FNDA:0,(anonymous_3)
FNDA:1,(anonymous_4)
DA:9,4
DA:18,4
DA:32,0
DA:38,0
DA:47,0
DA:56,0
DA:65,0
DA:72,2
DA:77,0
DA:82,0
DA:87,4
DA:91,2
DA:94,2
DA:96,1
DA:98,1
DA:99,1
DA:102,1
DA:114,0
DA:123,0
DA:131,0
DA:132,0
DA:141,0
DA:150,0
DA:151,0
DA:154,0
DA:158,0
DA:159,0
DA:168,0
DA:172,0
DA:173,0
DA:177,0
DA:181,0
DA:184,0
DA:190,0
DA:199,0
DA:200,0
DA:203,1
DA:207,1
DA:211,2
DA:215,0
DA:216,0
DA:219,0
DA:222,0
DA:223,0
DA:228,0
DA:229,0
DA:232,0
DA:238,0
DA:241,0
DA:246,0
DA:248,0
DA:249,0
DA:254,0
DA:258,0
DA:266,1
DA:269,1
DA:276,0
DA:280,0
DA:286,0
DA:289,0
DA:290,0
DA:293,0
DA:299,0
DA:305,0
DA:307,0
DA:308,0
DA:313,0
DA:319,0
DA:322,0
DA:323,0
DA:325,0
DA:330,0
DA:331,0
DA:335,0
DA:336,0
DA:339,0
DA:340,0
DA:344,0
DA:347,0
DA:353,0
DA:354,0
DA:357,0
DA:359,0
DA:360,0
DA:362,0
DA:363,0
DA:369,0
DA:371,0
DA:372,0
DA:379,0
DA:381,0
DA:382,0
DA:384,0
DA:385,0
DA:387,0
DA:388,0
DA:392,0
DA:393,0
DA:400,0
DA:403,0
DA:407,0
DA:408,0
DA:411,0
DA:412,0
DA:415,0
DA:417,0
DA:423,0
DA:429,0
DA:430,0
DA:435,0
DA:436,0
DA:438,0
DA:439,0
DA:443,2
DA:452,2
LF:115
LH:17
BRDA:105,0,0,0
BRDA:105,0,1,1
BRDA:106,1,0,0
BRDA:106,1,1,1
BRDA:110,2,0,1
BRDA:110,2,1,0
BRDA:113,3,0,0
BRDA:113,3,1,0
BRDA:231,4,0,0
BRDA:231,4,1,0
BRDA:231,4,2,0
BRDA:246,5,0,0
BRDA:246,5,1,0
BRDA:247,6,0,0
BRDA:247,6,1,0
BRDA:251,7,0,0
BRDA:251,7,1,0
BRDA:279,8,0,0
BRDA:279,8,1,0
BRDA:312,9,0,0
BRDA:312,9,1,0
BRDA:362,10,0,0
BRDA:362,10,1,0
BRDA:387,11,0,0
BRDA:387,11,1,0
BRF:25
BRH:3
end_of_record
TN:
SF:src/context/ThemeContext.tsx
FN:13,(anonymous_0)
FN:14,(anonymous_1)
FN:20,(anonymous_2)
FN:25,(anonymous_3)
FN:34,(anonymous_4)
FNF:5
FNH:4
FNDA:1,(anonymous_0)
FNDA:1,(anonymous_1)
FNDA:1,(anonymous_2)
FNDA:1,(anonymous_3)
FNDA:0,(anonymous_4)
DA:6,1
DA:13,1
DA:14,1
DA:15,1
DA:16,1
DA:20,1
DA:21,1
DA:25,1
DA:26,1
DA:28,0
DA:30,0
DA:33,0
DA:34,0
DA:38,0
DA:39,0
DA:40,0
DA:41,0
DA:45,0
DA:48,0
DA:49,0
DA:50,0
DA:52,0
DA:53,0
DA:57,1
DA:64,1
LF:25
LH:11
BRDA:16,0,0,1
BRDA:16,0,1,1
BRDA:26,1,0,1
BRDA:26,1,1,0
BRDA:30,2,0,0
BRDA:30,2,1,0
BRDA:38,3,0,0
BRDA:38,3,1,0
BRF:8
BRH:3
end_of_record
TN:
SF:src/context/theme.ts
FNF:0
FNH:0
DA:5,1
DA:7,0
DA:11,1
DA:13,1
DA:14,1
DA:17,0
DA:18,0
DA:19,0
DA:21,1
DA:22,1
DA:23,1
DA:28,1
DA:32,1
DA:34,0
DA:36,0
DA:39,1
DA:41,0
LF:17
LH:10
BRDA:4,0,0,1
BRDA:4,0,1,1
BRDA:5,1,0,0
BRDA:5,1,1,1
BRDA:11,2,0,0
BRDA:11,2,1,1
BRDA:28,3,0,0
BRDA:28,3,1,1
BRDA:35,4,0,0
BRDA:35,4,1,0
BRF:10
BRH:5
end_of_record
TN:
SF:src/hooks/useAuth.ts
FNF:0
FNH:0
DA:7,597
DA:9,2
DA:11,595
LF:3
LH:3
BRF:0
BRH:0
end_of_record
TN:
SF:src/hooks/useSessionTimeout.ts
FN:22,(anonymous_0)
FN:28,(anonymous_1)
FN:35,(anonymous_2)
FN:55,(anonymous_3)
FN:67,(anonymous_4)
FN:74,(anonymous_5)
FN:83,(anonymous_6)
FNF:7
FNH:4
FNDA:0,(anonymous_0)
FNDA:0,(anonymous_1)
FNDA:22,(anonymous_2)
FNDA:22,(anonymous_3)
FNDA:0,(anonymous_4)
FNDA:132,(anonymous_5)
FNDA:132,(anonymous_6)
DA:11,196
DA:12,196
DA:13,196
DA:14,196
DA:15,196
DA:18,196
DA:19,196
DA:20,196
DA:22,196
DA:23,0
DA:24,0
DA:25,0
DA:28,196
DA:29,0
DA:35,196
DA:36,22
DA:40,0
DA:43,0
DA:48,22
DA:52,22
DA:55,196
DA:57,22
DA:60,22
DA:63,22
DA:65,203
DA:67,8
DA:68,0
DA:69,0
DA:74,22
DA:75,132
DA:79,22
DA:83,22
DA:84,132
DA:87,22
DA:90,22
DA:93,8
DA:98,196
LF:37
LH:29
BRDA:18,0,0,196
BRDA:18,0,1,196
BRDA:57,1,0,0
BRDA:57,1,1,22
BRDA:65,2,0,195
BRDA:65,2,1,8
BRF:6
BRH:5
end_of_record
TN:
SF:src/pages/DashboardPage.tsx
FN:15,(anonymous_0)
FN:22,(anonymous_1)
FN:201,(anonymous_2)
FNF:3
FNH:3
FNDA:10,(anonymous_0)
FNDA:2,(anonymous_1)
FNDA:2,(anonymous_2)
DA:10,19
DA:11,19
DA:12,19
DA:15,19
DA:19,10
DA:22,8
DA:30,8
DA:33,1
DA:35,9
DA:38,0
DA:42,10
DA:45,19
DA:49,19
DA:54,19
DA:202,2
LF:15
LH:14
BRDA:20,0,0,8
BRDA:20,0,1,8
BRDA:23,1,0,1
BRDA:23,1,1,1
BRDA:25,2,0,1
BRDA:25,2,1,1
BRDA:46,3,0,4
BRDA:46,3,1,15
BRDA:58,4,0,19
BRDA:58,4,1,0
BRDA:58,4,2,0
BRDA:61,5,0,2
BRDA:61,5,1,17
BRDA:75,6,0,15
BRDA:75,6,1,4
BRDA:79,7,0,4
BRDA:79,7,1,15
BRDA:87,8,0,4
BRDA:87,8,1,15
BRDA:94,9,0,4
BRDA:94,9,1,15
BRDA:102,10,0,4
BRDA:102,10,1,15
BRDA:108,11,0,4
BRDA:108,11,1,15
BRDA:113,12,0,4
BRDA:113,12,1,15
BRDA:124,13,0,15
BRDA:124,13,1,4
BRDA:128,14,0,4
BRDA:128,14,1,15
BRDA:136,15,0,4
BRDA:136,15,1,15
BRDA:143,16,0,4
BRDA:143,16,1,15
BRDA:155,17,0,4
BRDA:155,17,1,15
BRDA:160,18,0,4
BRDA:160,18,1,15
BRDA:192,19,0,19
BRDA:192,19,1,9
BRDA:192,19,2,9
BRDA:192,19,3,1
BRDA:198,20,0,0
BRDA:198,20,1,1
BRDA:209,21,0,1
BRDA:209,21,1,1
BRDA:211,22,0,0
BRDA:211,22,1,1
BRDA:234,23,0,19
BRDA:234,23,1,19
BRDA:234,23,2,2
BRDA:247,24,0,2
BRDA:247,24,1,0
BRDA:255,25,0,2
BRDA:255,25,1,0
BRF:56
BRH:50
end_of_record
TN:
SF:src/pages/ProfilePage.tsx
FN:48,(anonymous_0)
FN:104,(anonymous_1)
FN:112,(anonymous_2)
FN:224,(anonymous_3)
FN:368,(anonymous_4)
FN:392,(anonymous_5)
FN:420,(anonymous_6)
FN:516,(anonymous_7)
FNF:8
FNH:5
FNDA:12,(anonymous_0)
FNDA:5,(anonymous_1)
FNDA:132,(anonymous_2)
FNDA:3,(anonymous_3)
FNDA:5,(anonymous_4)
FNDA:0,(anonymous_5)
FNDA:0,(anonymous_6)
FNDA:0,(anonymous_7)
DA:27,177
DA:28,177
DA:29,177
DA:30,177
DA:31,177
DA:32,177
DA:33,177
DA:35,177
DA:42,177
DA:48,177
DA:50,12
DA:55,12
DA:65,177
DA:66,177
DA:68,177
DA:70,0
DA:75,177
DA:76,177
DA:84,177
DA:85,177
DA:86,177
DA:87,177
DA:88,177
DA:90,177
DA:94,177
DA:95,98
DA:96,65
DA:99,177
DA:100,177
DA:103,5
DA:104,5
DA:111,132
DA:112,132
DA:119,2
DA:120,2
DA:123,2
DA:129,2
DA:132,1
DA:133,1
DA:135,1
DA:137,0
DA:140,1
DA:145,0
DA:146,0
DA:148,2
DA:153,2
DA:156,0
DA:157,0
DA:161,0
DA:162,0
DA:165,2
DA:167,2
DA:173,1
DA:174,1
DA:179,1
DA:181,1
DA:184,0
DA:185,0
DA:187,2
DA:191,177
DA:224,3
DA:368,5
DA:392,0
DA:420,0
DA:516,0
LF:65
LH:52
BRDA:52,0,0,12
BRDA:52,0,1,0
BRDA:52,0,2,0
BRDA:53,1,0,12
BRDA:53,1,1,0
BRDA:53,1,2,0
BRDA:56,2,0,12
BRDA:56,2,1,0
BRDA:57,3,0,12
BRDA:57,3,1,0
BRDA:58,4,0,12
BRDA:58,4,1,0
BRDA:59,5,0,12
BRDA:59,5,1,0
BRDA:65,6,0,0
BRDA:65,6,1,177
BRDA:68,7,0,177
BRDA:68,7,1,0
BRDA:68,8,0,177
BRDA:68,8,1,0
BRDA:84,9,0,74
BRDA:84,9,1,103
BRDA:85,10,0,102
BRDA:85,10,1,75
BRDA:86,11,0,102
BRDA:86,11,1,75
BRDA:87,12,0,61
BRDA:87,12,1,116
BRDA:88,13,0,57
BRDA:88,13,1,120
BRDA:94,14,0,79
BRDA:94,14,1,98
BRDA:95,15,0,33
BRDA:95,15,1,65
BRDA:141,16,0,1
BRDA:141,16,1,0
BRDA:141,16,2,0
BRDA:181,17,0,1
BRDA:181,17,1,0
BRDA:223,18,0,11
BRDA:223,18,1,166
BRDA:226,19,0,11
BRDA:226,19,1,166
BRDA:298,20,0,177
BRDA:298,20,1,12
BRDA:316,21,0,177
BRDA:316,21,1,177
BRDA:328,22,0,177
BRDA:328,22,1,11
BRDA:331,23,0,2
BRDA:331,23,1,9
BRDA:370,24,0,140
BRDA:370,24,1,37
BRDA:374,25,0,177
BRDA:374,25,1,140
BRDA:383,26,0,0
BRDA:383,26,1,140
BRDA:411,27,0,0
BRDA:411,27,1,140
BRDA:438,28,0,8
BRDA:438,28,1,98
BRDA:440,29,0,33
BRDA:440,29,1,65
BRDA:456,30,0,74
BRDA:456,30,1,32
BRDA:458,31,0,74
BRDA:458,31,1,32
BRDA:466,32,0,102
BRDA:466,32,1,4
BRDA:468,33,0,102
BRDA:468,33,1,4
BRDA:476,34,0,102
BRDA:476,34,1,4
BRDA:478,35,0,102
BRDA:478,35,1,4
BRDA:486,36,0,61
BRDA:486,36,1,45
BRDA:488,37,0,61
BRDA:488,37,1,45
BRDA:507,38,0,0
BRDA:507,38,1,140
BRDA:537,39,0,2
BRDA:537,39,1,138
BRDA:563,40,0,177
BRDA:563,40,1,0
BRDA:566,41,0,177
BRDA:566,41,1,0
BRDA:566,41,2,0
BRDA:570,42,0,177
BRDA:570,42,1,0
BRDA:587,43,0,177
BRDA:587,43,1,0
BRDA:596,44,0,177
BRDA:596,44,1,177
BRF:94
BRH:72
end_of_record
TN:
SF:src/services/api.ts
FN:14,(anonymous_0)
FN:31,(anonymous_1)
FN:55,(anonymous_2)
FN:64,(anonymous_3)
FN:76,(anonymous_4)
FN:101,(anonymous_5)
FN:104,(anonymous_6)
FN:110,(anonymous_7)
FNF:8
FNH:0
FNDA:0,(anonymous_0)
FNDA:0,(anonymous_1)
FNDA:0,(anonymous_2)
FNDA:0,(anonymous_3)
FNDA:0,(anonymous_4)
FNDA:0,(anonymous_5)
FNDA:0,(anonymous_6)
FNDA:0,(anonymous_7)
DA:7,2
DA:11,2
DA:14,0
DA:16,0
DA:18,0
DA:21,0
DA:25,2
DA:31,2
DA:33,0
DA:35,0
DA:41,0
DA:46,0
DA:53,0
DA:57,0
DA:59,0
DA:64,2
DA:68,0
DA:74,0
DA:77,0
DA:81,0
DA:96,0
DA:101,0
DA:102,0
DA:106,0
DA:108,0
DA:110,0
DA:113,0
DA:114,0
DA:118,0
DA:121,0
DA:124,0
DA:132,0
DA:135,0
DA:139,0
DA:143,0
DA:146,0
DA:150,0
DA:153,0
DA:154,0
DA:157,0
DA:158,0
DA:161,0
DA:163,0
DA:170,0
DA:173,0
DA:176,0
LF:46
LH:5
BRDA:13,0,0,0
BRDA:34,1,0,0
BRDA:34,1,1,0
BRDA:40,2,0,0
BRDA:40,2,1,0
BRDA:89,3,0,0
BRDA:89,3,1,0
BRDA:89,3,2,0
BRDA:92,4,0,0
BRDA:92,4,1,0
BRDA:92,4,2,0
BRDA:168,5,0,0
BRDA:168,5,1,0
BRF:13
BRH:0
end_of_record
TN:
SF:src/services/apiServices.ts
FNF:0
FNH:0
DA:18,5
DA:71,5
DA:75,0
DA:77,2
DA:78,1
DA:84,0
DA:86,1
DA:87,1
DA:94,0
DA:95,0
DA:96,0
DA:98,1
DA:99,1
DA:100,1
DA:101,1
DA:107,0
DA:108,0
DA:110,1
DA:111,1
DA:116,0
DA:119,0
DA:122,0
DA:128,0
DA:131,0
DA:138,0
DA:139,0
DA:140,0
DA:141,0
DA:143,1
DA:148,1
DA:150,0
DA:160,0
DA:164,2
DA:170,1
DA:173,1
DA:175,0
DA:176,0
DA:182,5
DA:186,0
DA:188,1
DA:191,1
DA:201,0
DA:204,1
DA:205,1
DA:206,1
DA:207,1
DA:209,1
DA:214,1
DA:220,0
DA:222,1
DA:225,1
DA:232,0
DA:234,1
DA:237,1
DA:242,5
DA:246,0
DA:248,1
DA:251,1
DA:261,0
DA:264,1
DA:265,1
DA:266,1
DA:267,1
DA:269,1
DA:274,1
DA:281,0
DA:283,1
DA:286,1
DA:292,0
DA:306,1
DA:307,1
DA:312,5
DA:316,0
DA:318,1
DA:321,1
DA:327,0
DA:329,1
DA:330,1
DA:336,0
DA:338,1
DA:339,1
DA:345,0
DA:347,1
DA:348,1
DA:354,0
DA:356,1
DA:357,1
DA:362,5
DA:366,0
DA:369,1
DA:370,1
DA:371,1
DA:380,0
DA:383,1
DA:384,1
DA:385,1
DA:393,5
DA:402,0
DA:404,1
DA:405,1
DA:406,1
DA:407,1
DA:408,1
DA:409,1
DA:416,0
DA:418,1
DA:419,1
DA:428,0
DA:430,1
DA:433,1
DA:439,0
DA:441,1
DA:442,1
LF:113
LH:74
BRDA:107,0,0,0
BRDA:107,0,1,0
BRDA:138,1,0,0
BRDA:138,1,1,0
BRDA:173,2,0,1
BRDA:173,2,1,0
BRDA:175,3,0,0
BRDA:175,3,1,0
BRDA:290,4,0,1
BRDA:314,5,0,1
BRDA:314,6,0,1
BRDA:352,7,0,1
BRDA:397,8,0,1
BRDA:398,9,0,1
BRDA:405,10,0,1
BRDA:405,10,1,0
BRDA:413,11,0,1
BRF:17
BRH:9
end_of_record
TN:
SF:src/services/storage.ts
FN:95,(anonymous_0)
FN:97,(anonymous_1)
FN:125,(anonymous_2)
FN:126,(anonymous_3)
FN:134,(anonymous_4)
FN:153,(anonymous_5)
FN:156,(anonymous_6)
FN:242,(anonymous_7)
FNF:8
FNH:3
FNDA:9,(anonymous_0)
FNDA:2,(anonymous_1)
FNDA:0,(anonymous_2)
FNDA:0,(anonymous_3)
FNDA:0,(anonymous_4)
FNDA:0,(anonymous_5)
FNDA:0,(anonymous_6)
FNDA:3,(anonymous_7)
DA:19,6
DA:24,41
DA:32,14
DA:33,14
DA:34,14
DA:37,14
DA:39,14
DA:41,0
DA:42,0
DA:51,23
DA:52,23
DA:55,16
DA:58,7
DA:61,7
DA:64,7
DA:66,0
DA:67,0
DA:76,4
DA:77,4
DA:80,4
DA:82,4
DA:84,0
DA:85,0
DA:94,1
DA:95,9
DA:97,1
DA:98,2
DA:102,1
DA:104,1
DA:106,0
DA:107,0
DA:115,0
DA:116,0
DA:123,0
DA:124,0
DA:125,0
DA:126,0
DA:133,0
DA:134,0
DA:135,0
DA:136,0
DA:139,0
DA:152,0
DA:153,0
DA:155,0
DA:156,0
DA:157,0
DA:159,0
DA:160,0
DA:161,0
DA:162,0
DA:166,0
DA:169,0
DA:171,0
DA:172,0
DA:180,0
DA:187,1
DA:194,6
DA:199,4
DA:206,8
DA:213,2
DA:220,3
DA:227,4
DA:234,6
DA:241,1
DA:242,1
DA:243,3
DA:251,4
LF:68
LH:35
BRDA:36,0,0,14
BRDA:36,0,1,14
BRDA:54,1,0,23
BRDA:54,1,1,7
BRDA:54,1,2,7
BRDA:60,2,0,7
BRDA:60,2,1,7
BRDA:79,3,0,4
BRDA:79,3,1,4
BRDA:101,4,0,1
BRDA:101,4,1,1
BRDA:251,5,0,4
BRDA:251,5,1,2
BRF:13
BRH:13
end_of_record
